<?xml version="1.0" encoding="UTF-8"?>
<coverage generated="1742820870553" clover="3.2.0">
  <project timestamp="1742820870553" name="All files">
    <metrics statements="114" coveredstatements="96" conditionals="40" coveredconditionals="33" methods="45" coveredmethods="31" elements="199" coveredelements="160" complexity="0" loc="114" ncloc="114" packages="8" files="13" classes="13"/>
    <package name="App">
      <metrics statements="48" coveredstatements="38" conditionals="8" coveredconditionals="6" methods="19" coveredmethods="12"/>
      <file name="App.js" path="/home/fikkyt/frontend-practice/react/react_state/dashboard/src/App/App.js">
        <metrics statements="44" coveredstatements="35" conditionals="8" coveredconditionals="6" methods="18" coveredmethods="12"/>
        <line num="7" count="1" type="stmt"/>
        <line num="8" count="1" type="stmt"/>
        <line num="9" count="1" type="stmt"/>
        <line num="10" count="1" type="stmt"/>
        <line num="11" count="1" type="stmt"/>
        <line num="12" count="1" type="stmt"/>
        <line num="13" count="1" type="stmt"/>
        <line num="18" count="10" type="stmt"/>
        <line num="19" count="10" type="stmt"/>
        <line num="20" count="10" type="stmt"/>
        <line num="21" count="10" type="stmt"/>
        <line num="22" count="10" type="stmt"/>
        <line num="23" count="10" type="stmt"/>
        <line num="24" count="10" type="stmt"/>
        <line num="25" count="10" type="stmt"/>
        <line num="37" count="10" type="stmt"/>
        <line num="42" count="10" type="stmt"/>
        <line num="45" count="10" type="stmt"/>
        <line num="46" count="0" type="stmt"/>
        <line num="54" count="10" type="stmt"/>
        <line num="55" count="0" type="stmt"/>
        <line num="56" count="0" type="stmt"/>
        <line num="61" count="10" type="stmt"/>
        <line num="62" count="2" type="stmt"/>
        <line num="63" count="2" type="cond" truecount="4" falsecount="0"/>
        <line num="64" count="1" type="stmt"/>
        <line num="65" count="1" type="stmt"/>
        <line num="66" count="1" type="stmt"/>
        <line num="69" count="0" type="stmt"/>
        <line num="73" count="10" type="stmt"/>
        <line num="74" count="0" type="stmt"/>
        <line num="75" count="0" type="stmt"/>
        <line num="78" count="10" type="stmt"/>
        <line num="79" count="1" type="stmt"/>
        <line num="82" count="10" type="stmt"/>
        <line num="83" count="0" type="stmt"/>
        <line num="84" count="0" type="stmt"/>
        <line num="85" count="0" type="stmt"/>
        <line num="89" count="11" type="stmt"/>
        <line num="91" count="11" type="stmt"/>
        <line num="99" count="11" type="stmt"/>
        <line num="100" count="11" type="stmt"/>
        <line num="103" count="11" type="stmt"/>
        <line num="132" count="1" type="stmt"/>
      </file>
      <file name="AppContext.js" path="/home/fikkyt/frontend-practice/react/react_state/dashboard/src/App/AppContext.js">
        <metrics statements="4" coveredstatements="3" conditionals="0" coveredconditionals="0" methods="1" coveredmethods="0"/>
        <line num="3" count="3" type="stmt"/>
        <line num="9" count="3" type="stmt"/>
        <line num="10" count="0" type="stmt"/>
        <line num="13" count="3" type="stmt"/>
      </file>
    </package>
    <package name="BodySection">
      <metrics statements="3" coveredstatements="3" conditionals="2" coveredconditionals="2" methods="2" coveredmethods="2"/>
      <file name="BodySection.js" path="/home/fikkyt/frontend-practice/react/react_state/dashboard/src/BodySection/BodySection.js">
        <metrics statements="2" coveredstatements="2" conditionals="2" coveredconditionals="2" methods="1" coveredmethods="1"/>
        <line num="5" count="27" type="stmt"/>
        <line num="13" count="2" type="stmt"/>
      </file>
      <file name="BodySectionWithMarginBottom.js" path="/home/fikkyt/frontend-practice/react/react_state/dashboard/src/BodySection/BodySectionWithMarginBottom.js">
        <metrics statements="1" coveredstatements="1" conditionals="0" coveredconditionals="0" methods="1" coveredmethods="1"/>
        <line num="6" count="13" type="stmt"/>
      </file>
    </package>
    <package name="CourseList">
      <metrics statements="16" coveredstatements="15" conditionals="10" coveredconditionals="9" methods="4" coveredmethods="3"/>
      <file name="CourseList.js" path="/home/fikkyt/frontend-practice/react/react_state/dashboard/src/CourseList/CourseList.js">
        <metrics statements="7" coveredstatements="7" conditionals="2" coveredconditionals="2" methods="2" coveredmethods="2"/>
        <line num="8" count="2" type="stmt"/>
        <line num="9" count="2" type="stmt"/>
        <line num="19" count="3" type="stmt"/>
        <line num="29" count="1" type="stmt"/>
        <line num="34" count="1" type="stmt"/>
        <line num="38" count="1" type="stmt"/>
        <line num="42" count="1" type="stmt"/>
      </file>
      <file name="CourseListRow.js" path="/home/fikkyt/frontend-practice/react/react_state/dashboard/src/CourseList/CourseListRow.js">
        <metrics statements="9" coveredstatements="8" conditionals="8" coveredconditionals="7" methods="2" coveredmethods="1"/>
        <line num="7" count="2" type="stmt"/>
        <line num="8" count="8" type="cond" truecount="2" falsecount="0"/>
        <line num="9" count="8" type="stmt"/>
        <line num="10" count="8" type="stmt"/>
        <line num="11" count="0" type="stmt"/>
        <line num="15" count="8" type="stmt"/>
        <line num="37" count="2" type="stmt"/>
        <line num="42" count="2" type="stmt"/>
        <line num="48" count="2" type="stmt"/>
      </file>
    </package>
    <package name="Footer">
      <metrics statements="3" coveredstatements="3" conditionals="2" coveredconditionals="1" methods="2" coveredmethods="2"/>
      <file name="Footer.js" path="/home/fikkyt/frontend-practice/react/react_state/dashboard/src/Footer/Footer.js">
        <metrics statements="3" coveredstatements="3" conditionals="2" coveredconditionals="1" methods="2" coveredmethods="2"/>
        <line num="7" count="14" type="stmt"/>
        <line num="10" count="14" type="stmt"/>
        <line num="23" count="2" type="stmt"/>
      </file>
    </package>
    <package name="Header">
      <metrics statements="4" coveredstatements="4" conditionals="2" coveredconditionals="1" methods="1" coveredmethods="1"/>
      <file name="Header.js" path="/home/fikkyt/frontend-practice/react/react_state/dashboard/src/Header/Header.js">
        <metrics statements="4" coveredstatements="4" conditionals="2" coveredconditionals="1" methods="1" coveredmethods="1"/>
        <line num="8" count="16" type="stmt"/>
        <line num="10" count="16" type="stmt"/>
        <line num="26" count="2" type="stmt"/>
        <line num="28" count="2" type="stmt"/>
      </file>
    </package>
    <package name="Login">
      <metrics statements="20" coveredstatements="13" conditionals="2" coveredconditionals="0" methods="6" coveredmethods="2"/>
      <file name="Login.js" path="/home/fikkyt/frontend-practice/react/react_state/dashboard/src/Login/Login.js">
        <metrics statements="20" coveredstatements="13" conditionals="2" coveredconditionals="0" methods="6" coveredmethods="2"/>
        <line num="6" count="13" type="stmt"/>
        <line num="7" count="13" type="stmt"/>
        <line num="12" count="13" type="stmt"/>
        <line num="13" count="13" type="stmt"/>
        <line num="14" count="13" type="stmt"/>
        <line num="15" count="13" type="stmt"/>
        <line num="18" count="13" type="stmt"/>
        <line num="19" count="0" type="stmt"/>
        <line num="20" count="0" type="stmt"/>
        <line num="21" count="0" type="stmt"/>
        <line num="24" count="13" type="stmt"/>
        <line num="25" count="0" type="stmt"/>
        <line num="28" count="13" type="stmt"/>
        <line num="29" count="0" type="stmt"/>
        <line num="32" count="13" type="stmt"/>
        <line num="33" count="0" type="stmt"/>
        <line num="34" count="0" type="cond" truecount="0" falsecount="2"/>
        <line num="38" count="14" type="stmt"/>
        <line num="40" count="14" type="stmt"/>
        <line num="66" count="2" type="stmt"/>
      </file>
    </package>
    <package name="Notifications">
      <metrics statements="13" coveredstatements="13" conditionals="12" coveredconditionals="12" methods="8" coveredmethods="6"/>
      <file name="NotificationItem.js" path="/home/fikkyt/frontend-practice/react/react_state/dashboard/src/Notifications/NotificationItem.js">
        <metrics statements="5" coveredstatements="5" conditionals="6" coveredconditionals="6" methods="2" coveredmethods="2"/>
        <line num="5" count="3" type="cond" truecount="2" falsecount="0"/>
        <line num="6" count="34" type="cond" truecount="2" falsecount="0"/>
        <line num="8" count="34" type="cond" truecount="2" falsecount="0"/>
        <line num="26" count="3" type="stmt"/>
        <line num="35" count="3" type="stmt"/>
      </file>
      <file name="NotificationItemShape.js" path="/home/fikkyt/frontend-practice/react/react_state/dashboard/src/Notifications/NotificationItemShape.js">
        <metrics statements="1" coveredstatements="1" conditionals="0" coveredconditionals="0" methods="0" coveredmethods="0"/>
        <line num="4" count="2" type="stmt"/>
      </file>
      <file name="Notifications.js" path="/home/fikkyt/frontend-practice/react/react_state/dashboard/src/Notifications/Notifications.js">
        <metrics statements="7" coveredstatements="7" conditionals="6" coveredconditionals="6" methods="6" coveredmethods="4"/>
        <line num="10" count="25" type="stmt"/>
        <line num="12" count="25" type="stmt"/>
        <line num="27" count="30" type="stmt"/>
        <line num="32" count="1" type="stmt"/>
        <line num="47" count="2" type="stmt"/>
        <line num="55" count="2" type="stmt"/>
        <line num="63" count="2" type="stmt"/>
      </file>
    </package>
    <package name="utils">
      <metrics statements="7" coveredstatements="7" conditionals="2" coveredconditionals="2" methods="3" coveredmethods="3"/>
      <file name="utils.js" path="/home/fikkyt/frontend-practice/react/react_state/dashboard/src/utils/utils.js">
        <metrics statements="7" coveredstatements="7" conditionals="2" coveredconditionals="2" methods="3" coveredmethods="3"/>
        <line num="1" count="4" type="stmt"/>
        <line num="2" count="15" type="stmt"/>
        <line num="3" count="15" type="stmt"/>
        <line num="6" count="4" type="stmt"/>
        <line num="7" count="16" type="cond" truecount="2" falsecount="0"/>
        <line num="10" count="4" type="stmt"/>
        <line num="11" count="12" type="stmt"/>
      </file>
    </package>
  </project>
</coverage>
