{"/home/fikkyt/frontend-practice/react/react_state/dashboard/src/App/App.js": {"path":"/home/fikkyt/frontend-practice/react/react_state/dashboard/src/App/App.js","statementMap":{"0":{"start":{"line":7,"column":22},"end":{"line":7,"column":74}},"1":{"start":{"line":7,"column":33},"end":{"line":7,"column":73}},"2":{"start":{"line":8,"column":15},"end":{"line":8,"column":53}},"3":{"start":{"line":8,"column":26},"end":{"line":8,"column":52}},"4":{"start":{"line":9,"column":14},"end":{"line":9,"column":50}},"5":{"start":{"line":9,"column":25},"end":{"line":9,"column":49}},"6":{"start":{"line":10,"column":15},"end":{"line":10,"column":53}},"7":{"start":{"line":10,"column":26},"end":{"line":10,"column":52}},"8":{"start":{"line":11,"column":19},"end":{"line":11,"column":65}},"9":{"start":{"line":11,"column":30},"end":{"line":11,"column":64}},"10":{"start":{"line":12,"column":36},"end":{"line":12,"column":100}},"11":{"start":{"line":12,"column":47},"end":{"line":12,"column":99}},"12":{"start":{"line":13,"column":20},"end":{"line":13,"column":68}},"13":{"start":{"line":13,"column":31},"end":{"line":13,"column":67}},"14":{"start":{"line":18,"column":8},"end":{"line":18,"column":21}},"15":{"start":{"line":19,"column":8},"end":{"line":19,"column":61}},"16":{"start":{"line":20,"column":8},"end":{"line":20,"column":71}},"17":{"start":{"line":21,"column":8},"end":{"line":21,"column":65}},"18":{"start":{"line":22,"column":8},"end":{"line":22,"column":43}},"19":{"start":{"line":23,"column":8},"end":{"line":23,"column":45}},"20":{"start":{"line":24,"column":8},"end":{"line":24,"column":77}},"21":{"start":{"line":25,"column":8},"end":{"line":33,"column":23}},"22":{"start":{"line":37,"column":8},"end":{"line":37,"column":65}},"23":{"start":{"line":42,"column":8},"end":{"line":42,"column":69}},"24":{"start":{"line":45,"column":12},"end":{"line":52,"column":5}},"25":{"start":{"line":46,"column":8},"end":{"line":51,"column":10}},"26":{"start":{"line":54,"column":13},"end":{"line":59,"column":5}},"27":{"start":{"line":55,"column":8},"end":{"line":55,"column":41}},"28":{"start":{"line":56,"column":8},"end":{"line":58,"column":10}},"29":{"start":{"line":61,"column":21},"end":{"line":71,"column":5}},"30":{"start":{"line":62,"column":8},"end":{"line":70,"column":9}},"31":{"start":{"line":63,"column":12},"end":{"line":67,"column":13}},"32":{"start":{"line":64,"column":16},"end":{"line":64,"column":39}},"33":{"start":{"line":65,"column":16},"end":{"line":65,"column":41}},"34":{"start":{"line":66,"column":16},"end":{"line":66,"column":36}},"35":{"start":{"line":69,"column":12},"end":{"line":69,"column":64}},"36":{"start":{"line":73,"column":23},"end":{"line":76,"column":5}},"37":{"start":{"line":74,"column":8},"end":{"line":74,"column":53}},"38":{"start":{"line":75,"column":8},"end":{"line":75,"column":48}},"39":{"start":{"line":78,"column":26},"end":{"line":80,"column":5}},"40":{"start":{"line":79,"column":8},"end":{"line":79,"column":47}},"41":{"start":{"line":82,"column":29},"end":{"line":86,"column":5}},"42":{"start":{"line":83,"column":38},"end":{"line":83,"column":48}},"43":{"start":{"line":84,"column":8},"end":{"line":84,"column":54}},"44":{"start":{"line":85,"column":8},"end":{"line":85,"column":100}},"45":{"start":{"line":85,"column":80},"end":{"line":85,"column":96}},"46":{"start":{"line":89,"column":34},"end":{"line":89,"column":44}},"47":{"start":{"line":91,"column":28},"end":{"line":95,"column":9}},"48":{"start":{"line":99,"column":32},"end":{"line":99,"column":47}},"49":{"start":{"line":100,"column":52},"end":{"line":100,"column":62}},"50":{"start":{"line":103,"column":8},"end":{"line":126,"column":10}},"51":{"start":{"line":132,"column":18},"end":{"line":139,"column":2}}},"fnMap":{"0":{"name":"(anonymous_0)","decl":{"start":{"line":7,"column":27},"end":{"line":7,"column":28}},"loc":{"start":{"line":7,"column":33},"end":{"line":7,"column":73}},"line":7},"1":{"name":"(anonymous_1)","decl":{"start":{"line":8,"column":20},"end":{"line":8,"column":21}},"loc":{"start":{"line":8,"column":26},"end":{"line":8,"column":52}},"line":8},"2":{"name":"(anonymous_2)","decl":{"start":{"line":9,"column":19},"end":{"line":9,"column":20}},"loc":{"start":{"line":9,"column":25},"end":{"line":9,"column":49}},"line":9},"3":{"name":"(anonymous_3)","decl":{"start":{"line":10,"column":20},"end":{"line":10,"column":21}},"loc":{"start":{"line":10,"column":26},"end":{"line":10,"column":52}},"line":10},"4":{"name":"(anonymous_4)","decl":{"start":{"line":11,"column":24},"end":{"line":11,"column":25}},"loc":{"start":{"line":11,"column":30},"end":{"line":11,"column":64}},"line":11},"5":{"name":"(anonymous_5)","decl":{"start":{"line":12,"column":41},"end":{"line":12,"column":42}},"loc":{"start":{"line":12,"column":47},"end":{"line":12,"column":99}},"line":12},"6":{"name":"(anonymous_6)","decl":{"start":{"line":13,"column":25},"end":{"line":13,"column":26}},"loc":{"start":{"line":13,"column":31},"end":{"line":13,"column":67}},"line":13},"7":{"name":"(anonymous_7)","decl":{"start":{"line":17,"column":4},"end":{"line":17,"column":5}},"loc":{"start":{"line":17,"column":23},"end":{"line":34,"column":5}},"line":17},"8":{"name":"(anonymous_8)","decl":{"start":{"line":36,"column":4},"end":{"line":36,"column":5}},"loc":{"start":{"line":36,"column":24},"end":{"line":39,"column":5}},"line":36},"9":{"name":"(anonymous_9)","decl":{"start":{"line":41,"column":4},"end":{"line":41,"column":5}},"loc":{"start":{"line":41,"column":27},"end":{"line":43,"column":5}},"line":41},"10":{"name":"(anonymous_10)","decl":{"start":{"line":45,"column":12},"end":{"line":45,"column":13}},"loc":{"start":{"line":45,"column":33},"end":{"line":52,"column":5}},"line":45},"11":{"name":"(anonymous_11)","decl":{"start":{"line":54,"column":13},"end":{"line":54,"column":14}},"loc":{"start":{"line":54,"column":19},"end":{"line":59,"column":5}},"line":54},"12":{"name":"(anonymous_12)","decl":{"start":{"line":61,"column":21},"end":{"line":61,"column":22}},"loc":{"start":{"line":61,"column":32},"end":{"line":71,"column":5}},"line":61},"13":{"name":"(anonymous_13)","decl":{"start":{"line":73,"column":23},"end":{"line":73,"column":24}},"loc":{"start":{"line":73,"column":29},"end":{"line":76,"column":5}},"line":73},"14":{"name":"(anonymous_14)","decl":{"start":{"line":78,"column":26},"end":{"line":78,"column":27}},"loc":{"start":{"line":78,"column":32},"end":{"line":80,"column":5}},"line":78},"15":{"name":"(anonymous_15)","decl":{"start":{"line":82,"column":29},"end":{"line":82,"column":30}},"loc":{"start":{"line":82,"column":37},"end":{"line":86,"column":5}},"line":82},"16":{"name":"(anonymous_16)","decl":{"start":{"line":85,"column":68},"end":{"line":85,"column":69}},"loc":{"start":{"line":85,"column":80},"end":{"line":85,"column":96}},"line":85},"17":{"name":"(anonymous_17)","decl":{"start":{"line":88,"column":4},"end":{"line":88,"column":5}},"loc":{"start":{"line":88,"column":13},"end":{"line":127,"column":5}},"line":88}},"branchMap":{"0":{"loc":{"start":{"line":63,"column":12},"end":{"line":67,"column":13}},"type":"if","locations":[{"start":{"line":63,"column":12},"end":{"line":67,"column":13}},{"start":{},"end":{}}],"line":63},"1":{"loc":{"start":{"line":63,"column":16},"end":{"line":63,"column":50}},"type":"binary-expr","locations":[{"start":{"line":63,"column":16},"end":{"line":63,"column":29}},{"start":{"line":63,"column":33},"end":{"line":63,"column":50}}],"line":63},"2":{"loc":{"start":{"line":108,"column":56},"end":{"line":108,"column":105}},"type":"cond-expr","locations":[{"start":{"line":108,"column":69},"end":{"line":108,"column":82}},{"start":{"line":108,"column":85},"end":{"line":108,"column":105}}],"line":108},"3":{"loc":{"start":{"line":109,"column":25},"end":{"line":109,"column":109}},"type":"cond-expr","locations":[{"start":{"line":109,"column":38},"end":{"line":109,"column":78}},{"start":{"line":109,"column":81},"end":{"line":109,"column":109}}],"line":109}},"s":{"0":1,"1":1,"2":1,"3":1,"4":1,"5":1,"6":1,"7":1,"8":1,"9":0,"10":1,"11":1,"12":1,"13":1,"14":10,"15":10,"16":10,"17":10,"18":10,"19":10,"20":10,"21":10,"22":10,"23":10,"24":10,"25":0,"26":10,"27":0,"28":0,"29":10,"30":2,"31":2,"32":1,"33":1,"34":1,"35":0,"36":10,"37":0,"38":0,"39":10,"40":1,"41":10,"42":0,"43":0,"44":0,"45":0,"46":11,"47":11,"48":11,"49":11,"50":11,"51":1},"f":{"0":1,"1":1,"2":1,"3":1,"4":0,"5":1,"6":1,"7":10,"8":10,"9":10,"10":0,"11":0,"12":2,"13":0,"14":1,"15":0,"16":0,"17":11},"b":{"0":[1,1],"1":[2,2],"2":[0,11],"3":[0,11]},"_coverageSchema":"1a1c01bbd47fc00a2c39e90264f33305004495a9","hash":"c9da6ef14d9f9e03c7a82ced2ec557333ff3bbef"}
,"/home/fikkyt/frontend-practice/react/react_state/dashboard/src/App/AppContext.js": {"path":"/home/fikkyt/frontend-practice/react/react_state/dashboard/src/App/AppContext.js","statementMap":{"0":{"start":{"line":3,"column":20},"end":{"line":7,"column":1}},"1":{"start":{"line":9,"column":22},"end":{"line":11,"column":1}},"2":{"start":{"line":10,"column":4},"end":{"line":10,"column":28}},"3":{"start":{"line":13,"column":26},"end":{"line":13,"column":56}}},"fnMap":{"0":{"name":"(anonymous_0)","decl":{"start":{"line":9,"column":22},"end":{"line":9,"column":23}},"loc":{"start":{"line":9,"column":28},"end":{"line":11,"column":1}},"line":9}},"branchMap":{},"s":{"0":3,"1":3,"2":0,"3":3},"f":{"0":0},"b":{},"_coverageSchema":"1a1c01bbd47fc00a2c39e90264f33305004495a9","hash":"0f307d173a06860ba4637990d4e0a04eebb9206e"}
,"/home/fikkyt/frontend-practice/react/react_state/dashboard/src/BodySection/BodySection.js": {"path":"/home/fikkyt/frontend-practice/react/react_state/dashboard/src/BodySection/BodySection.js","statementMap":{"0":{"start":{"line":5,"column":4},"end":{"line":10,"column":5}},"1":{"start":{"line":13,"column":26},"end":{"line":26,"column":2}}},"fnMap":{"0":{"name":"BodySection","decl":{"start":{"line":4,"column":24},"end":{"line":4,"column":35}},"loc":{"start":{"line":4,"column":57},"end":{"line":11,"column":1}},"line":4}},"branchMap":{"0":{"loc":{"start":{"line":7,"column":13},"end":{"line":7,"column":38}},"type":"binary-expr","locations":[{"start":{"line":7,"column":13},"end":{"line":7,"column":18}},{"start":{"line":7,"column":22},"end":{"line":7,"column":38}}],"line":7}},"s":{"0":27,"1":2},"f":{"0":27},"b":{"0":[27,27]},"_coverageSchema":"1a1c01bbd47fc00a2c39e90264f33305004495a9","hash":"108b2ddc4dfa60a074df393bf77e2d4b807d9800"}
,"/home/fikkyt/frontend-practice/react/react_state/dashboard/src/BodySection/BodySectionWithMarginBottom.js": {"path":"/home/fikkyt/frontend-practice/react/react_state/dashboard/src/BodySection/BodySectionWithMarginBottom.js","statementMap":{"0":{"start":{"line":6,"column":4},"end":{"line":10,"column":5}}},"fnMap":{"0":{"name":"BodySectionWithMarginBottom","decl":{"start":{"line":5,"column":24},"end":{"line":5,"column":51}},"loc":{"start":{"line":5,"column":73},"end":{"line":11,"column":1}},"line":5}},"branchMap":{},"s":{"0":13},"f":{"0":13},"b":{},"_coverageSchema":"1a1c01bbd47fc00a2c39e90264f33305004495a9","hash":"cc339b8b1b1f59e895a175718ae21ac37596f409"}
,"/home/fikkyt/frontend-practice/react/react_state/dashboard/src/CourseList/CourseList.js": {"path":"/home/fikkyt/frontend-practice/react/react_state/dashboard/src/CourseList/CourseList.js","statementMap":{"0":{"start":{"line":8,"column":32},"end":{"line":8,"column":42}},"1":{"start":{"line":9,"column":4},"end":{"line":26,"column":5}},"2":{"start":{"line":19,"column":45},"end":{"line":19,"column":137}},"3":{"start":{"line":29,"column":20},"end":{"line":33,"column":6}},"4":{"start":{"line":34,"column":0},"end":{"line":36,"column":2}},"5":{"start":{"line":38,"column":0},"end":{"line":40,"column":2}},"6":{"start":{"line":42,"column":25},"end":{"line":68,"column":2}}},"fnMap":{"0":{"name":"(anonymous_0)","decl":{"start":{"line":7,"column":4},"end":{"line":7,"column":5}},"loc":{"start":{"line":7,"column":13},"end":{"line":27,"column":1}},"line":7},"1":{"name":"(anonymous_1)","decl":{"start":{"line":19,"column":33},"end":{"line":19,"column":34}},"loc":{"start":{"line":19,"column":45},"end":{"line":19,"column":137}},"line":19}},"branchMap":{"0":{"loc":{"start":{"line":11,"column":13},"end":{"line":22,"column":16}},"type":"cond-expr","locations":[{"start":{"line":11,"column":40},"end":{"line":11,"column":109}},{"start":{"line":13,"column":12},"end":{"line":22,"column":16}}],"line":11}},"s":{"0":2,"1":2,"2":3,"3":1,"4":1,"5":1,"6":1},"f":{"0":2,"1":3},"b":{"0":[1,1]},"_coverageSchema":"1a1c01bbd47fc00a2c39e90264f33305004495a9","hash":"78b5e575f5e8658269245d72bc7a42da5705247a"}
,"/home/fikkyt/frontend-practice/react/react_state/dashboard/src/CourseList/CourseListRow.js": {"path":"/home/fikkyt/frontend-practice/react/react_state/dashboard/src/CourseList/CourseListRow.js","statementMap":{"0":{"start":{"line":7,"column":23},"end":{"line":35,"column":1}},"1":{"start":{"line":8,"column":21},"end":{"line":8,"column":89}},"2":{"start":{"line":9,"column":34},"end":{"line":9,"column":49}},"3":{"start":{"line":10,"column":24},"end":{"line":12,"column":5}},"4":{"start":{"line":11,"column":8},"end":{"line":11,"column":39}},"5":{"start":{"line":15,"column":4},"end":{"line":34,"column":18}},"6":{"start":{"line":37,"column":0},"end":{"line":40,"column":2}},"7":{"start":{"line":42,"column":0},"end":{"line":46,"column":2}},"8":{"start":{"line":48,"column":27},"end":{"line":58,"column":2}}},"fnMap":{"0":{"name":"(anonymous_0)","decl":{"start":{"line":7,"column":23},"end":{"line":7,"column":24}},"loc":{"start":{"line":7,"column":70},"end":{"line":35,"column":1}},"line":7},"1":{"name":"(anonymous_1)","decl":{"start":{"line":10,"column":24},"end":{"line":10,"column":25}},"loc":{"start":{"line":10,"column":35},"end":{"line":12,"column":5}},"line":10}},"branchMap":{"0":{"loc":{"start":{"line":8,"column":21},"end":{"line":8,"column":89}},"type":"cond-expr","locations":[{"start":{"line":8,"column":32},"end":{"line":8,"column":60}},{"start":{"line":8,"column":63},"end":{"line":8,"column":89}}],"line":8},"1":{"loc":{"start":{"line":16,"column":31},"end":{"line":16,"column":83}},"type":"cond-expr","locations":[{"start":{"line":16,"column":43},"end":{"line":16,"column":72}},{"start":{"line":16,"column":75},"end":{"line":16,"column":83}}],"line":16},"2":{"loc":{"start":{"line":17,"column":18},"end":{"line":33,"column":17}},"type":"cond-expr","locations":[{"start":{"line":18,"column":24},"end":{"line":25,"column":17}},{"start":{"line":26,"column":16},"end":{"line":32,"column":19}}],"line":17},"3":{"loc":{"start":{"line":18,"column":24},"end":{"line":25,"column":17}},"type":"cond-expr","locations":[{"start":{"line":19,"column":24},"end":{"line":22,"column":27}},{"start":{"line":24,"column":24},"end":{"line":24,"column":60}}],"line":18}},"s":{"0":2,"1":8,"2":8,"3":8,"4":0,"5":8,"6":2,"7":2,"8":2},"f":{"0":8,"1":0},"b":{"0":[4,4],"1":[0,8],"2":[4,4],"3":[2,2]},"_coverageSchema":"1a1c01bbd47fc00a2c39e90264f33305004495a9","hash":"a5e2498ec86e3260297e1146510694de3744dfaf"}
,"/home/fikkyt/frontend-practice/react/react_state/dashboard/src/Footer/Footer.js": {"path":"/home/fikkyt/frontend-practice/react/react_state/dashboard/src/Footer/Footer.js","statementMap":{"0":{"start":{"line":7,"column":4},"end":{"line":20,"column":6}},"1":{"start":{"line":10,"column":16},"end":{"line":17,"column":22}},"2":{"start":{"line":23,"column":21},"end":{"line":43,"column":2}}},"fnMap":{"0":{"name":"Footer","decl":{"start":{"line":6,"column":24},"end":{"line":6,"column":30}},"loc":{"start":{"line":6,"column":33},"end":{"line":21,"column":1}},"line":6},"1":{"name":"(anonymous_1)","decl":{"start":{"line":9,"column":13},"end":{"line":9,"column":14}},"loc":{"start":{"line":10,"column":16},"end":{"line":17,"column":22}},"line":10}},"branchMap":{"0":{"loc":{"start":{"line":13,"column":25},"end":{"line":14,"column":99}},"type":"binary-expr","locations":[{"start":{"line":13,"column":25},"end":{"line":13,"column":46}},{"start":{"line":14,"column":28},"end":{"line":14,"column":99}}],"line":13}},"s":{"0":14,"1":14,"2":2},"f":{"0":14,"1":14},"b":{"0":[14,0]},"_coverageSchema":"1a1c01bbd47fc00a2c39e90264f33305004495a9","hash":"4e54da1891056d496a4661e38c0f418ce5990749"}
,"/home/fikkyt/frontend-practice/react/react_state/dashboard/src/Header/Header.js": {"path":"/home/fikkyt/frontend-practice/react/react_state/dashboard/src/Header/Header.js","statementMap":{"0":{"start":{"line":8,"column":22},"end":{"line":8,"column":34}},"1":{"start":{"line":10,"column":8},"end":{"line":22,"column":10}},"2":{"start":{"line":26,"column":0},"end":{"line":26,"column":32}},"3":{"start":{"line":28,"column":21},"end":{"line":84,"column":2}}},"fnMap":{"0":{"name":"(anonymous_0)","decl":{"start":{"line":7,"column":4},"end":{"line":7,"column":5}},"loc":{"start":{"line":7,"column":13},"end":{"line":23,"column":5}},"line":7}},"branchMap":{"0":{"loc":{"start":{"line":16,"column":17},"end":{"line":19,"column":30}},"type":"binary-expr","locations":[{"start":{"line":16,"column":17},"end":{"line":16,"column":40}},{"start":{"line":17,"column":20},"end":{"line":19,"column":30}}],"line":16}},"s":{"0":16,"1":16,"2":2,"3":2},"f":{"0":16},"b":{"0":[16,0]},"_coverageSchema":"1a1c01bbd47fc00a2c39e90264f33305004495a9","hash":"06a9ac35cb9b887cd2ec94957b9c3caf4a9e53bf"}
,"/home/fikkyt/frontend-practice/react/react_state/dashboard/src/Login/Login.js": {"path":"/home/fikkyt/frontend-practice/react/react_state/dashboard/src/Login/Login.js","statementMap":{"0":{"start":{"line":6,"column":8},"end":{"line":6,"column":21}},"1":{"start":{"line":7,"column":8},"end":{"line":11,"column":23}},"2":{"start":{"line":12,"column":8},"end":{"line":12,"column":67}},"3":{"start":{"line":13,"column":8},"end":{"line":13,"column":67}},"4":{"start":{"line":14,"column":8},"end":{"line":14,"column":73}},"5":{"start":{"line":15,"column":8},"end":{"line":15,"column":69}},"6":{"start":{"line":18,"column":24},"end":{"line":22,"column":5}},"7":{"start":{"line":19,"column":36},"end":{"line":19,"column":46}},"8":{"start":{"line":20,"column":8},"end":{"line":20,"column":42}},"9":{"start":{"line":21,"column":8},"end":{"line":21,"column":31}},"10":{"start":{"line":24,"column":24},"end":{"line":26,"column":5}},"11":{"start":{"line":25,"column":8},"end":{"line":25,"column":79}},"12":{"start":{"line":28,"column":27},"end":{"line":30,"column":5}},"13":{"start":{"line":29,"column":8},"end":{"line":29,"column":81}},"14":{"start":{"line":32,"column":25},"end":{"line":35,"column":5}},"15":{"start":{"line":33,"column":36},"end":{"line":33,"column":46}},"16":{"start":{"line":34,"column":8},"end":{"line":34,"column":87}},"17":{"start":{"line":38,"column":50},"end":{"line":38,"column":60}},"18":{"start":{"line":40,"column":4},"end":{"line":62,"column":6}},"19":{"start":{"line":66,"column":20},"end":{"line":136,"column":2}}},"fnMap":{"0":{"name":"(anonymous_0)","decl":{"start":{"line":5,"column":4},"end":{"line":5,"column":5}},"loc":{"start":{"line":5,"column":23},"end":{"line":16,"column":5}},"line":5},"1":{"name":"(anonymous_1)","decl":{"start":{"line":18,"column":24},"end":{"line":18,"column":25}},"loc":{"start":{"line":18,"column":35},"end":{"line":22,"column":5}},"line":18},"2":{"name":"(anonymous_2)","decl":{"start":{"line":24,"column":24},"end":{"line":24,"column":25}},"loc":{"start":{"line":24,"column":35},"end":{"line":26,"column":5}},"line":24},"3":{"name":"(anonymous_3)","decl":{"start":{"line":28,"column":27},"end":{"line":28,"column":28}},"loc":{"start":{"line":28,"column":38},"end":{"line":30,"column":5}},"line":28},"4":{"name":"(anonymous_4)","decl":{"start":{"line":32,"column":25},"end":{"line":32,"column":26}},"loc":{"start":{"line":32,"column":31},"end":{"line":35,"column":5}},"line":32},"5":{"name":"(anonymous_5)","decl":{"start":{"line":37,"column":4},"end":{"line":37,"column":5}},"loc":{"start":{"line":37,"column":13},"end":{"line":63,"column":1}},"line":37}},"branchMap":{"0":{"loc":{"start":{"line":34,"column":38},"end":{"line":34,"column":83}},"type":"binary-expr","locations":[{"start":{"line":34,"column":38},"end":{"line":34,"column":57}},{"start":{"line":34,"column":61},"end":{"line":34,"column":83}}],"line":34}},"s":{"0":13,"1":13,"2":13,"3":13,"4":13,"5":13,"6":13,"7":0,"8":0,"9":0,"10":13,"11":0,"12":13,"13":0,"14":13,"15":0,"16":0,"17":14,"18":14,"19":2},"f":{"0":13,"1":0,"2":0,"3":0,"4":0,"5":14},"b":{"0":[0,0]},"_coverageSchema":"1a1c01bbd47fc00a2c39e90264f33305004495a9","hash":"d41ad407abba52c03b460c4141bd26dab7ec1ee5"}
,"/home/fikkyt/frontend-practice/react/react_state/dashboard/src/Notifications/NotificationItem.js": {"path":"/home/fikkyt/frontend-practice/react/react_state/dashboard/src/Notifications/NotificationItem.js","statementMap":{"0":{"start":{"line":5,"column":25},"end":{"line":24,"column":1}},"1":{"start":{"line":6,"column":22},"end":{"line":6,"column":72}},"2":{"start":{"line":8,"column":4},"end":{"line":23,"column":6}},"3":{"start":{"line":26,"column":0},"end":{"line":33,"column":2}},"4":{"start":{"line":35,"column":15},"end":{"line":47,"column":2}}},"fnMap":{"0":{"name":"(anonymous_0)","decl":{"start":{"line":5,"column":25},"end":{"line":5,"column":26}},"loc":{"start":{"line":5,"column":98},"end":{"line":24,"column":1}},"line":5},"1":{"name":"(anonymous_1)","decl":{"start":{"line":5,"column":83},"end":{"line":5,"column":84}},"loc":{"start":{"line":5,"column":89},"end":{"line":5,"column":91}},"line":5}},"branchMap":{"0":{"loc":{"start":{"line":5,"column":28},"end":{"line":5,"column":44}},"type":"default-arg","locations":[{"start":{"line":5,"column":35},"end":{"line":5,"column":44}}],"line":5},"1":{"loc":{"start":{"line":5,"column":59},"end":{"line":5,"column":91}},"type":"default-arg","locations":[{"start":{"line":5,"column":83},"end":{"line":5,"column":91}}],"line":5},"2":{"loc":{"start":{"line":6,"column":22},"end":{"line":6,"column":72}},"type":"cond-expr","locations":[{"start":{"line":6,"column":42},"end":{"line":6,"column":55}},{"start":{"line":6,"column":58},"end":{"line":6,"column":72}}],"line":6},"3":{"loc":{"start":{"line":8,"column":11},"end":{"line":23,"column":5}},"type":"cond-expr","locations":[{"start":{"line":9,"column":8},"end":{"line":14,"column":10}},{"start":{"line":16,"column":8},"end":{"line":22,"column":13}}],"line":8}},"s":{"0":3,"1":34,"2":34,"3":3,"4":3},"f":{"0":34,"1":1},"b":{"0":[2],"1":[4],"2":[22,12],"3":[11,23]},"_coverageSchema":"1a1c01bbd47fc00a2c39e90264f33305004495a9","hash":"d95a3f298b243d40c6f2d9f517d4024c48388217"}
,"/home/fikkyt/frontend-practice/react/react_state/dashboard/src/Notifications/NotificationItemShape.js": {"path":"/home/fikkyt/frontend-practice/react/react_state/dashboard/src/Notifications/NotificationItemShape.js","statementMap":{"0":{"start":{"line":4,"column":30},"end":{"line":11,"column":2}}},"fnMap":{},"branchMap":{},"s":{"0":2},"f":{},"b":{},"_coverageSchema":"1a1c01bbd47fc00a2c39e90264f33305004495a9","hash":"7addc08727bb98350bc796f0d9a65cf06cd0fdaf"}
,"/home/fikkyt/frontend-practice/react/react_state/dashboard/src/Notifications/Notifications.js": {"path":"/home/fikkyt/frontend-practice/react/react_state/dashboard/src/Notifications/Notifications.js","statementMap":{"0":{"start":{"line":10,"column":116},"end":{"line":10,"column":126}},"1":{"start":{"line":12,"column":8},"end":{"line":43,"column":10}},"2":{"start":{"line":27,"column":36},"end":{"line":33,"column":38}},"3":{"start":{"line":32,"column":70},"end":{"line":32,"column":96}},"4":{"start":{"line":47,"column":0},"end":{"line":53,"column":2}},"5":{"start":{"line":55,"column":0},"end":{"line":61,"column":2}},"6":{"start":{"line":63,"column":15},"end":{"line":114,"column":2}}},"fnMap":{"0":{"name":"(anonymous_0)","decl":{"start":{"line":9,"column":4},"end":{"line":9,"column":5}},"loc":{"start":{"line":9,"column":13},"end":{"line":44,"column":5}},"line":9},"1":{"name":"(anonymous_1)","decl":{"start":{"line":26,"column":55},"end":{"line":26,"column":56}},"loc":{"start":{"line":27,"column":36},"end":{"line":33,"column":38}},"line":27},"2":{"name":"(anonymous_2)","decl":{"start":{"line":32,"column":64},"end":{"line":32,"column":65}},"loc":{"start":{"line":32,"column":70},"end":{"line":32,"column":96}},"line":32},"3":{"name":"(anonymous_3)","decl":{"start":{"line":50,"column":25},"end":{"line":50,"column":26}},"loc":{"start":{"line":50,"column":31},"end":{"line":50,"column":33}},"line":50},"4":{"name":"(anonymous_4)","decl":{"start":{"line":51,"column":22},"end":{"line":51,"column":23}},"loc":{"start":{"line":51,"column":28},"end":{"line":51,"column":30}},"line":51},"5":{"name":"(anonymous_5)","decl":{"start":{"line":52,"column":28},"end":{"line":52,"column":29}},"loc":{"start":{"line":52,"column":34},"end":{"line":52,"column":36}},"line":52}},"branchMap":{"0":{"loc":{"start":{"line":17,"column":17},"end":{"line":41,"column":17}},"type":"binary-expr","locations":[{"start":{"line":17,"column":17},"end":{"line":17,"column":30}},{"start":{"line":18,"column":20},"end":{"line":40,"column":26}}],"line":17},"1":{"loc":{"start":{"line":20,"column":29},"end":{"line":22,"column":69}},"type":"cond-expr","locations":[{"start":{"line":21,"column":34},"end":{"line":21,"column":63}},{"start":{"line":22,"column":34},"end":{"line":22,"column":69}}],"line":20},"2":{"loc":{"start":{"line":24,"column":25},"end":{"line":36,"column":25}},"type":"binary-expr","locations":[{"start":{"line":24,"column":25},"end":{"line":24,"column":53}},{"start":{"line":25,"column":28},"end":{"line":35,"column":33}}],"line":24}},"s":{"0":25,"1":25,"2":30,"3":1,"4":2,"5":2,"6":2},"f":{"0":25,"1":30,"2":1,"3":0,"4":0,"5":1},"b":{"0":[25,11],"1":[1,10],"2":[11,10]},"_coverageSchema":"1a1c01bbd47fc00a2c39e90264f33305004495a9","hash":"6a1d2b96865b8eebf089f78f09f1e435a7cec905"}
,"/home/fikkyt/frontend-practice/react/react_state/dashboard/src/utils/utils.js": {"path":"/home/fikkyt/frontend-practice/react/react_state/dashboard/src/utils/utils.js","statementMap":{"0":{"start":{"line":1,"column":27},"end":{"line":4,"column":1}},"1":{"start":{"line":2,"column":17},"end":{"line":2,"column":41}},"2":{"start":{"line":3,"column":4},"end":{"line":3,"column":16}},"3":{"start":{"line":6,"column":29},"end":{"line":8,"column":1}},"4":{"start":{"line":7,"column":4},"end":{"line":7,"column":52}},"5":{"start":{"line":10,"column":37},"end":{"line":12,"column":1}},"6":{"start":{"line":11,"column":4},"end":{"line":11,"column":67}}},"fnMap":{"0":{"name":"(anonymous_0)","decl":{"start":{"line":1,"column":27},"end":{"line":1,"column":28}},"loc":{"start":{"line":1,"column":33},"end":{"line":4,"column":1}},"line":1},"1":{"name":"(anonymous_1)","decl":{"start":{"line":6,"column":29},"end":{"line":6,"column":30}},"loc":{"start":{"line":6,"column":42},"end":{"line":8,"column":1}},"line":6},"2":{"name":"(anonymous_2)","decl":{"start":{"line":10,"column":37},"end":{"line":10,"column":38}},"loc":{"start":{"line":10,"column":43},"end":{"line":12,"column":1}},"line":10}},"branchMap":{"0":{"loc":{"start":{"line":7,"column":12},"end":{"line":7,"column":50}},"type":"cond-expr","locations":[{"start":{"line":7,"column":22},"end":{"line":7,"column":27}},{"start":{"line":7,"column":30},"end":{"line":7,"column":50}}],"line":7}},"s":{"0":4,"1":15,"2":15,"3":4,"4":16,"5":4,"6":12},"f":{"0":15,"1":16,"2":12},"b":{"0":[15,1]},"_coverageSchema":"1a1c01bbd47fc00a2c39e90264f33305004495a9","hash":"834740dd69e705f2c074727de6d9a90b189ccb68"}
}
