TN:
SF:src/App/App.js
FN:7,(anonymous_0)
FN:8,(anonymous_1)
FN:9,(anonymous_2)
FN:10,(anonymous_3)
FN:11,(anonymous_4)
FN:12,(anonymous_5)
FN:13,(anonymous_6)
FN:17,(anonymous_7)
FN:36,(anonymous_8)
FN:41,(anonymous_9)
FN:45,(anonymous_10)
FN:54,(anonymous_11)
FN:61,(anonymous_12)
FN:73,(anonymous_13)
FN:78,(anonymous_14)
FN:82,(anonymous_15)
FN:85,(anonymous_16)
FN:88,(anonymous_17)
FNF:18
FNH:12
FNDA:1,(anonymous_0)
FNDA:1,(anonymous_1)
FNDA:1,(anonymous_2)
FNDA:1,(anonymous_3)
FNDA:0,(anonymous_4)
FNDA:1,(anonymous_5)
FNDA:1,(anonymous_6)
FNDA:10,(anonymous_7)
FNDA:10,(anonymous_8)
FNDA:10,(anonymous_9)
FNDA:0,(anonymous_10)
FNDA:0,(anonymous_11)
FNDA:2,(anonymous_12)
FNDA:0,(anonymous_13)
FNDA:1,(anonymous_14)
FNDA:0,(anonymous_15)
FNDA:0,(anonymous_16)
FNDA:11,(anonymous_17)
DA:7,1
DA:8,1
DA:9,1
DA:10,1
DA:11,1
DA:12,1
DA:13,1
DA:18,10
DA:19,10
DA:20,10
DA:21,10
DA:22,10
DA:23,10
DA:24,10
DA:25,10
DA:37,10
DA:42,10
DA:45,10
DA:46,0
DA:54,10
DA:55,0
DA:56,0
DA:61,10
DA:62,2
DA:63,2
DA:64,1
DA:65,1
DA:66,1
DA:69,0
DA:73,10
DA:74,0
DA:75,0
DA:78,10
DA:79,1
DA:82,10
DA:83,0
DA:84,0
DA:85,0
DA:89,11
DA:91,11
DA:99,11
DA:100,11
DA:103,11
DA:132,1
LF:44
LH:35
BRDA:63,0,0,1
BRDA:63,0,1,1
BRDA:63,1,0,2
BRDA:63,1,1,2
BRDA:108,2,0,0
BRDA:108,2,1,11
BRDA:109,3,0,0
BRDA:109,3,1,11
BRF:8
BRH:6
end_of_record
TN:
SF:src/App/AppContext.js
FN:9,(anonymous_0)
FNF:1
FNH:0
FNDA:0,(anonymous_0)
DA:3,3
DA:9,3
DA:10,0
DA:13,3
LF:4
LH:3
BRF:0
BRH:0
end_of_record
TN:
SF:src/BodySection/BodySection.js
FN:4,BodySection
FNF:1
FNH:1
FNDA:27,BodySection
DA:5,27
DA:13,2
LF:2
LH:2
BRDA:7,0,0,27
BRDA:7,0,1,27
BRF:2
BRH:2
end_of_record
TN:
SF:src/BodySection/BodySectionWithMarginBottom.js
FN:5,BodySectionWithMarginBottom
FNF:1
FNH:1
FNDA:13,BodySectionWithMarginBottom
DA:6,13
LF:1
LH:1
BRF:0
BRH:0
end_of_record
TN:
SF:src/CourseList/CourseList.js
FN:7,(anonymous_0)
FN:19,(anonymous_1)
FNF:2
FNH:2
FNDA:2,(anonymous_0)
FNDA:3,(anonymous_1)
DA:8,2
DA:9,2
DA:19,3
DA:29,1
DA:34,1
DA:38,1
DA:42,1
LF:7
LH:7
BRDA:11,0,0,1
BRDA:11,0,1,1
BRF:2
BRH:2
end_of_record
TN:
SF:src/CourseList/CourseListRow.js
FN:7,(anonymous_0)
FN:10,(anonymous_1)
FNF:2
FNH:1
FNDA:8,(anonymous_0)
FNDA:0,(anonymous_1)
DA:7,2
DA:8,8
DA:9,8
DA:10,8
DA:11,0
DA:15,8
DA:37,2
DA:42,2
DA:48,2
LF:9
LH:8
BRDA:8,0,0,4
BRDA:8,0,1,4
BRDA:16,1,0,0
BRDA:16,1,1,8
BRDA:17,2,0,4
BRDA:17,2,1,4
BRDA:18,3,0,2
BRDA:18,3,1,2
BRF:8
BRH:7
end_of_record
TN:
SF:src/Footer/Footer.js
FN:6,Footer
FN:9,(anonymous_1)
FNF:2
FNH:2
FNDA:14,Footer
FNDA:14,(anonymous_1)
DA:7,14
DA:10,14
DA:23,2
LF:3
LH:3
BRDA:13,0,0,14
BRDA:13,0,1,0
BRF:2
BRH:1
end_of_record
TN:
SF:src/Header/Header.js
FN:7,(anonymous_0)
FNF:1
FNH:1
FNDA:16,(anonymous_0)
DA:8,16
DA:10,16
DA:26,2
DA:28,2
LF:4
LH:4
BRDA:16,0,0,16
BRDA:16,0,1,0
BRF:2
BRH:1
end_of_record
TN:
SF:src/Login/Login.js
FN:5,(anonymous_0)
FN:18,(anonymous_1)
FN:24,(anonymous_2)
FN:28,(anonymous_3)
FN:32,(anonymous_4)
FN:37,(anonymous_5)
FNF:6
FNH:2
FNDA:13,(anonymous_0)
FNDA:0,(anonymous_1)
FNDA:0,(anonymous_2)
FNDA:0,(anonymous_3)
FNDA:0,(anonymous_4)
FNDA:14,(anonymous_5)
DA:6,13
DA:7,13
DA:12,13
DA:13,13
DA:14,13
DA:15,13
DA:18,13
DA:19,0
DA:20,0
DA:21,0
DA:24,13
DA:25,0
DA:28,13
DA:29,0
DA:32,13
DA:33,0
DA:34,0
DA:38,14
DA:40,14
DA:66,2
LF:20
LH:13
BRDA:34,0,0,0
BRDA:34,0,1,0
BRF:2
BRH:0
end_of_record
TN:
SF:src/Notifications/NotificationItem.js
FN:5,(anonymous_0)
FN:5,(anonymous_1)
FNF:2
FNH:2
FNDA:34,(anonymous_0)
FNDA:1,(anonymous_1)
DA:5,3
DA:6,34
DA:8,34
DA:26,3
DA:35,3
LF:5
LH:5
BRDA:5,0,0,2
BRDA:5,1,0,4
BRDA:6,2,0,22
BRDA:6,2,1,12
BRDA:8,3,0,11
BRDA:8,3,1,23
BRF:6
BRH:6
end_of_record
TN:
SF:src/Notifications/NotificationItemShape.js
FNF:0
FNH:0
DA:4,2
LF:1
LH:1
BRF:0
BRH:0
end_of_record
TN:
SF:src/Notifications/Notifications.js
FN:9,(anonymous_0)
FN:26,(anonymous_1)
FN:32,(anonymous_2)
FN:50,(anonymous_3)
FN:51,(anonymous_4)
FN:52,(anonymous_5)
FNF:6
FNH:4
FNDA:25,(anonymous_0)
FNDA:30,(anonymous_1)
FNDA:1,(anonymous_2)
FNDA:0,(anonymous_3)
FNDA:0,(anonymous_4)
FNDA:1,(anonymous_5)
DA:10,25
DA:12,25
DA:27,30
DA:32,1
DA:47,2
DA:55,2
DA:63,2
LF:7
LH:7
BRDA:17,0,0,25
BRDA:17,0,1,11
BRDA:20,1,0,1
BRDA:20,1,1,10
BRDA:24,2,0,11
BRDA:24,2,1,10
BRF:6
BRH:6
end_of_record
TN:
SF:src/utils/utils.js
FN:1,(anonymous_0)
FN:6,(anonymous_1)
FN:10,(anonymous_2)
FNF:3
FNH:3
FNDA:15,(anonymous_0)
FNDA:16,(anonymous_1)
FNDA:12,(anonymous_2)
DA:1,4
DA:2,15
DA:3,15
DA:6,4
DA:7,16
DA:10,4
DA:11,12
LF:7
LH:7
BRDA:7,0,0,15
BRDA:7,0,1,1
BRF:2
BRH:2
end_of_record
