{"/home/fikkyt/frontend-practice/react/react_props/dashboard/src/App/App.js": {"path":"/home/fikkyt/frontend-practice/react/react_props/dashboard/src/App/App.js","statementMap":{"0":{"start":{"line":6,"column":22},"end":{"line":6,"column":74}},"1":{"start":{"line":6,"column":33},"end":{"line":6,"column":73}},"2":{"start":{"line":7,"column":15},"end":{"line":7,"column":53}},"3":{"start":{"line":7,"column":26},"end":{"line":7,"column":52}},"4":{"start":{"line":8,"column":14},"end":{"line":8,"column":50}},"5":{"start":{"line":8,"column":25},"end":{"line":8,"column":49}},"6":{"start":{"line":9,"column":15},"end":{"line":9,"column":53}},"7":{"start":{"line":9,"column":26},"end":{"line":9,"column":52}},"8":{"start":{"line":10,"column":19},"end":{"line":10,"column":65}},"9":{"start":{"line":10,"column":30},"end":{"line":10,"column":64}},"10":{"start":{"line":14,"column":28},"end":{"line":18,"column":9}},"11":{"start":{"line":20,"column":34},"end":{"line":24,"column":9}},"12":{"start":{"line":26,"column":32},"end":{"line":26,"column":42}},"13":{"start":{"line":27,"column":8},"end":{"line":36,"column":10}},"14":{"start":{"line":41,"column":0},"end":{"line":43,"column":2}},"15":{"start":{"line":45,"column":0},"end":{"line":47,"column":2}}},"fnMap":{"0":{"name":"(anonymous_0)","decl":{"start":{"line":6,"column":27},"end":{"line":6,"column":28}},"loc":{"start":{"line":6,"column":33},"end":{"line":6,"column":73}},"line":6},"1":{"name":"(anonymous_1)","decl":{"start":{"line":7,"column":20},"end":{"line":7,"column":21}},"loc":{"start":{"line":7,"column":26},"end":{"line":7,"column":52}},"line":7},"2":{"name":"(anonymous_2)","decl":{"start":{"line":8,"column":19},"end":{"line":8,"column":20}},"loc":{"start":{"line":8,"column":25},"end":{"line":8,"column":49}},"line":8},"3":{"name":"(anonymous_3)","decl":{"start":{"line":9,"column":20},"end":{"line":9,"column":21}},"loc":{"start":{"line":9,"column":26},"end":{"line":9,"column":52}},"line":9},"4":{"name":"(anonymous_4)","decl":{"start":{"line":10,"column":24},"end":{"line":10,"column":25}},"loc":{"start":{"line":10,"column":30},"end":{"line":10,"column":64}},"line":10},"5":{"name":"(anonymous_5)","decl":{"start":{"line":13,"column":4},"end":{"line":13,"column":5}},"loc":{"start":{"line":13,"column":13},"end":{"line":37,"column":5}},"line":13}},"branchMap":{"0":{"loc":{"start":{"line":31,"column":21},"end":{"line":31,"column":86}},"type":"cond-expr","locations":[{"start":{"line":31,"column":34},"end":{"line":31,"column":74}},{"start":{"line":31,"column":77},"end":{"line":31,"column":86}}],"line":31}},"s":{"0":1,"1":1,"2":1,"3":1,"4":1,"5":1,"6":1,"7":1,"8":1,"9":1,"10":7,"11":7,"12":7,"13":7,"14":1,"15":1},"f":{"0":1,"1":1,"2":1,"3":1,"4":1,"5":7},"b":{"0":[5,2]},"_coverageSchema":"1a1c01bbd47fc00a2c39e90264f33305004495a9","hash":"5fae1dc735c1701347a5c591c8e53ea12ac4e4fe"}
,"/home/fikkyt/frontend-practice/react/react_props/dashboard/src/CourseList/CourseList.js": {"path":"/home/fikkyt/frontend-practice/react/react_props/dashboard/src/CourseList/CourseList.js","statementMap":{"0":{"start":{"line":8,"column":32},"end":{"line":8,"column":42}},"1":{"start":{"line":9,"column":4},"end":{"line":26,"column":5}},"2":{"start":{"line":19,"column":45},"end":{"line":19,"column":137}},"3":{"start":{"line":29,"column":20},"end":{"line":33,"column":6}},"4":{"start":{"line":34,"column":0},"end":{"line":36,"column":2}},"5":{"start":{"line":38,"column":0},"end":{"line":40,"column":2}}},"fnMap":{"0":{"name":"(anonymous_0)","decl":{"start":{"line":7,"column":4},"end":{"line":7,"column":5}},"loc":{"start":{"line":7,"column":13},"end":{"line":27,"column":1}},"line":7},"1":{"name":"(anonymous_1)","decl":{"start":{"line":19,"column":33},"end":{"line":19,"column":34}},"loc":{"start":{"line":19,"column":45},"end":{"line":19,"column":137}},"line":19}},"branchMap":{"0":{"loc":{"start":{"line":11,"column":13},"end":{"line":22,"column":16}},"type":"cond-expr","locations":[{"start":{"line":11,"column":40},"end":{"line":11,"column":72}},{"start":{"line":13,"column":12},"end":{"line":22,"column":16}}],"line":11}},"s":{"0":7,"1":7,"2":18,"3":2,"4":2,"5":2},"f":{"0":7,"1":18},"b":{"0":[1,6]},"_coverageSchema":"1a1c01bbd47fc00a2c39e90264f33305004495a9","hash":"b3737fa0ef79f441faa2f371295711bf1e49fcdf"}
,"/home/fikkyt/frontend-practice/react/react_props/dashboard/src/CourseList/CourseListRow.js": {"path":"/home/fikkyt/frontend-practice/react/react_props/dashboard/src/CourseList/CourseListRow.js","statementMap":{"0":{"start":{"line":4,"column":23},"end":{"line":19,"column":1}},"1":{"start":{"line":5,"column":4},"end":{"line":18,"column":18}},"2":{"start":{"line":21,"column":0},"end":{"line":24,"column":2}},"3":{"start":{"line":26,"column":0},"end":{"line":30,"column":2}}},"fnMap":{"0":{"name":"(anonymous_0)","decl":{"start":{"line":4,"column":23},"end":{"line":4,"column":24}},"loc":{"start":{"line":4,"column":70},"end":{"line":19,"column":1}},"line":4}},"branchMap":{"0":{"loc":{"start":{"line":5,"column":11},"end":{"line":18,"column":18}},"type":"cond-expr","locations":[{"start":{"line":6,"column":16},"end":{"line":13,"column":18}},{"start":{"line":15,"column":13},"end":{"line":18,"column":17}}],"line":5},"1":{"loc":{"start":{"line":6,"column":16},"end":{"line":13,"column":18}},"type":"cond-expr","locations":[{"start":{"line":7,"column":13},"end":{"line":10,"column":17}},{"start":{"line":11,"column":13},"end":{"line":13,"column":17}}],"line":6}},"s":{"0":3,"1":33,"2":3,"3":3},"f":{"0":33},"b":{"0":[14,19],"1":[7,7]},"_coverageSchema":"1a1c01bbd47fc00a2c39e90264f33305004495a9","hash":"937884cf8478c3dc97d304400b49104f6ac0db98"}
,"/home/fikkyt/frontend-practice/react/react_props/dashboard/src/Footer/Footer.js": {"path":"/home/fikkyt/frontend-practice/react/react_props/dashboard/src/Footer/Footer.js","statementMap":{"0":{"start":{"line":7,"column":4},"end":{"line":13,"column":6}}},"fnMap":{"0":{"name":"Footer","decl":{"start":{"line":6,"column":24},"end":{"line":6,"column":30}},"loc":{"start":{"line":6,"column":33},"end":{"line":14,"column":1}},"line":6}},"branchMap":{},"s":{"0":10},"f":{"0":10},"b":{},"_coverageSchema":"1a1c01bbd47fc00a2c39e90264f33305004495a9","hash":"109ec9adcb2f2b850a58c52709497c226ce358f4"}
,"/home/fikkyt/frontend-practice/react/react_props/dashboard/src/Header/Header.js": {"path":"/home/fikkyt/frontend-practice/react/react_props/dashboard/src/Header/Header.js","statementMap":{"0":{"start":{"line":6,"column":4},"end":{"line":13,"column":6}}},"fnMap":{"0":{"name":"Header","decl":{"start":{"line":5,"column":24},"end":{"line":5,"column":30}},"loc":{"start":{"line":5,"column":33},"end":{"line":14,"column":1}},"line":5}},"branchMap":{},"s":{"0":12},"f":{"0":12},"b":{},"_coverageSchema":"1a1c01bbd47fc00a2c39e90264f33305004495a9","hash":"52d8650588197e0db6cb4589acf2361c816e36c6"}
,"/home/fikkyt/frontend-practice/react/react_props/dashboard/src/Login/Login.js": {"path":"/home/fikkyt/frontend-practice/react/react_props/dashboard/src/Login/Login.js","statementMap":{"0":{"start":{"line":5,"column":4},"end":{"line":20,"column":6}}},"fnMap":{"0":{"name":"Login","decl":{"start":{"line":4,"column":24},"end":{"line":4,"column":29}},"loc":{"start":{"line":4,"column":32},"end":{"line":21,"column":1}},"line":4}},"branchMap":{},"s":{"0":5},"f":{"0":5},"b":{},"_coverageSchema":"1a1c01bbd47fc00a2c39e90264f33305004495a9","hash":"f2445196e7e7b87b930389c0430999c82024e0e1"}
,"/home/fikkyt/frontend-practice/react/react_props/dashboard/src/Notifications/NotificationItem.js": {"path":"/home/fikkyt/frontend-practice/react/react_props/dashboard/src/Notifications/NotificationItem.js","statementMap":{"0":{"start":{"line":5,"column":25},"end":{"line":10,"column":1}},"1":{"start":{"line":6,"column":4},"end":{"line":9,"column":61}},"2":{"start":{"line":12,"column":0},"end":{"line":14,"column":2}},"3":{"start":{"line":16,"column":0},"end":{"line":22,"column":2}}},"fnMap":{"0":{"name":"(anonymous_0)","decl":{"start":{"line":5,"column":25},"end":{"line":5,"column":26}},"loc":{"start":{"line":5,"column":52},"end":{"line":10,"column":1}},"line":5}},"branchMap":{"0":{"loc":{"start":{"line":6,"column":11},"end":{"line":9,"column":60}},"type":"cond-expr","locations":[{"start":{"line":7,"column":12},"end":{"line":7,"column":83}},{"start":{"line":9,"column":13},"end":{"line":9,"column":59}}],"line":6}},"s":{"0":3,"1":24,"2":3,"3":3},"f":{"0":24},"b":{"0":[8,16]},"_coverageSchema":"1a1c01bbd47fc00a2c39e90264f33305004495a9","hash":"2524ac3c59e342bdf442b6399b090c29d50bff29"}
,"/home/fikkyt/frontend-practice/react/react_props/dashboard/src/Notifications/NotificationItemShape.js": {"path":"/home/fikkyt/frontend-practice/react/react_props/dashboard/src/Notifications/NotificationItemShape.js","statementMap":{"0":{"start":{"line":4,"column":30},"end":{"line":11,"column":2}}},"fnMap":{},"branchMap":{},"s":{"0":2},"f":{},"b":{},"_coverageSchema":"1a1c01bbd47fc00a2c39e90264f33305004495a9","hash":"e467dc934256138eba2a9123152025137c584e0a"}
,"/home/fikkyt/frontend-practice/react/react_props/dashboard/src/Notifications/Notifications.js": {"path":"/home/fikkyt/frontend-practice/react/react_props/dashboard/src/Notifications/Notifications.js","statementMap":{"0":{"start":{"line":9,"column":17},"end":{"line":15,"column":1}},"1":{"start":{"line":10,"column":4},"end":{"line":14,"column":6}},"2":{"start":{"line":19,"column":53},"end":{"line":19,"column":63}},"3":{"start":{"line":20,"column":4},"end":{"line":47,"column":5}},"4":{"start":{"line":29,"column":62},"end":{"line":34,"column":25}},"5":{"start":{"line":38,"column":38},"end":{"line":38,"column":82}},"6":{"start":{"line":50,"column":0},"end":{"line":53,"column":2}},"7":{"start":{"line":55,"column":0},"end":{"line":58,"column":2}}},"fnMap":{"0":{"name":"(anonymous_0)","decl":{"start":{"line":9,"column":17},"end":{"line":9,"column":18}},"loc":{"start":{"line":9,"column":23},"end":{"line":15,"column":1}},"line":9},"1":{"name":"(anonymous_1)","decl":{"start":{"line":18,"column":4},"end":{"line":18,"column":5}},"loc":{"start":{"line":18,"column":13},"end":{"line":48,"column":1}},"line":18},"2":{"name":"(anonymous_2)","decl":{"start":{"line":29,"column":46},"end":{"line":29,"column":47}},"loc":{"start":{"line":29,"column":62},"end":{"line":34,"column":25}},"line":29},"3":{"name":"(anonymous_3)","decl":{"start":{"line":38,"column":33},"end":{"line":38,"column":34}},"loc":{"start":{"line":38,"column":38},"end":{"line":38,"column":82}},"line":38}},"branchMap":{"0":{"loc":{"start":{"line":23,"column":12},"end":{"line":43,"column":13}},"type":"binary-expr","locations":[{"start":{"line":23,"column":12},"end":{"line":23,"column":25}},{"start":{"line":24,"column":17},"end":{"line":41,"column":22}}],"line":23},"1":{"loc":{"start":{"line":24,"column":17},"end":{"line":41,"column":22}},"type":"cond-expr","locations":[{"start":{"line":24,"column":50},"end":{"line":24,"column":86}},{"start":{"line":26,"column":16},"end":{"line":41,"column":22}}],"line":24}},"s":{"0":2,"1":18,"2":18,"3":18,"4":21,"5":0,"6":2,"7":2},"f":{"0":18,"1":18,"2":21,"3":0},"b":{"0":[18,8],"1":[1,7]},"_coverageSchema":"1a1c01bbd47fc00a2c39e90264f33305004495a9","hash":"d47ead8100f9aec0205d8482214133fe40abcd6f"}
,"/home/fikkyt/frontend-practice/react/react_props/dashboard/src/utils/utils.js": {"path":"/home/fikkyt/frontend-practice/react/react_props/dashboard/src/utils/utils.js","statementMap":{"0":{"start":{"line":1,"column":27},"end":{"line":4,"column":1}},"1":{"start":{"line":2,"column":17},"end":{"line":2,"column":41}},"2":{"start":{"line":3,"column":4},"end":{"line":3,"column":16}},"3":{"start":{"line":6,"column":29},"end":{"line":8,"column":1}},"4":{"start":{"line":7,"column":4},"end":{"line":7,"column":52}},"5":{"start":{"line":10,"column":37},"end":{"line":12,"column":1}},"6":{"start":{"line":11,"column":4},"end":{"line":11,"column":67}}},"fnMap":{"0":{"name":"(anonymous_0)","decl":{"start":{"line":1,"column":27},"end":{"line":1,"column":28}},"loc":{"start":{"line":1,"column":33},"end":{"line":4,"column":1}},"line":1},"1":{"name":"(anonymous_1)","decl":{"start":{"line":6,"column":29},"end":{"line":6,"column":30}},"loc":{"start":{"line":6,"column":42},"end":{"line":8,"column":1}},"line":6},"2":{"name":"(anonymous_2)","decl":{"start":{"line":10,"column":37},"end":{"line":10,"column":38}},"loc":{"start":{"line":10,"column":43},"end":{"line":12,"column":1}},"line":10}},"branchMap":{"0":{"loc":{"start":{"line":7,"column":12},"end":{"line":7,"column":50}},"type":"cond-expr","locations":[{"start":{"line":7,"column":22},"end":{"line":7,"column":27}},{"start":{"line":7,"column":30},"end":{"line":7,"column":50}}],"line":7}},"s":{"0":4,"1":11,"2":11,"3":4,"4":12,"5":4,"6":9},"f":{"0":11,"1":12,"2":9},"b":{"0":[11,1]},"_coverageSchema":"1a1c01bbd47fc00a2c39e90264f33305004495a9","hash":"db537d51700776668b8a6770c6924a9ad107a15b"}
}
