TN:
SF:src/App/App.js
FN:6,(anonymous_0)
FN:7,(anonymous_1)
FN:8,(anonymous_2)
FN:9,(anonymous_3)
FN:10,(anonymous_4)
FN:13,(anonymous_5)
FNF:6
FNH:6
FNDA:1,(anonymous_0)
FNDA:1,(anonymous_1)
FNDA:1,(anonymous_2)
FNDA:1,(anonymous_3)
FNDA:1,(anonymous_4)
FNDA:7,(anonymous_5)
DA:6,1
DA:7,1
DA:8,1
DA:9,1
DA:10,1
DA:14,7
DA:20,7
DA:26,7
DA:27,7
DA:41,1
DA:45,1
LF:11
LH:11
BRDA:31,0,0,5
BRDA:31,0,1,2
BRF:2
BRH:2
end_of_record
TN:
SF:src/CourseList/CourseList.js
FN:7,(anonymous_0)
FN:19,(anonymous_1)
FNF:2
FNH:2
FNDA:7,(anonymous_0)
FNDA:18,(anonymous_1)
DA:8,7
DA:9,7
DA:19,18
DA:29,2
DA:34,2
DA:38,2
LF:6
LH:6
BRDA:11,0,0,1
BRDA:11,0,1,6
BRF:2
BRH:2
end_of_record
TN:
SF:src/CourseList/CourseListRow.js
FN:4,(anonymous_0)
FNF:1
FNH:1
FNDA:33,(anonymous_0)
DA:4,3
DA:5,33
DA:21,3
DA:26,3
LF:4
LH:4
BRDA:5,0,0,14
BRDA:5,0,1,19
BRDA:6,1,0,7
BRDA:6,1,1,7
BRF:4
BRH:4
end_of_record
TN:
SF:src/Footer/Footer.js
FN:6,Footer
FNF:1
FNH:1
FNDA:10,Footer
DA:7,10
LF:1
LH:1
BRF:0
BRH:0
end_of_record
TN:
SF:src/Header/Header.js
FN:5,Header
FNF:1
FNH:1
FNDA:12,Header
DA:6,12
LF:1
LH:1
BRF:0
BRH:0
end_of_record
TN:
SF:src/Login/Login.js
FN:4,Login
FNF:1
FNH:1
FNDA:5,Login
DA:5,5
LF:1
LH:1
BRF:0
BRH:0
end_of_record
TN:
SF:src/Notifications/NotificationItem.js
FN:5,(anonymous_0)
FNF:1
FNH:1
FNDA:24,(anonymous_0)
DA:5,3
DA:6,24
DA:12,3
DA:16,3
LF:4
LH:4
BRDA:6,0,0,8
BRDA:6,0,1,16
BRF:2
BRH:2
end_of_record
TN:
SF:src/Notifications/NotificationItemShape.js
FNF:0
FNH:0
DA:4,2
LF:1
LH:1
BRF:0
BRH:0
end_of_record
TN:
SF:src/Notifications/Notifications.js
FN:9,(anonymous_0)
FN:18,(anonymous_1)
FN:29,(anonymous_2)
FN:38,(anonymous_3)
FNF:4
FNH:3
FNDA:18,(anonymous_0)
FNDA:18,(anonymous_1)
FNDA:21,(anonymous_2)
FNDA:0,(anonymous_3)
DA:9,2
DA:10,18
DA:19,18
DA:20,18
DA:29,21
DA:38,0
DA:50,2
DA:55,2
LF:8
LH:7
BRDA:23,0,0,18
BRDA:23,0,1,8
BRDA:24,1,0,1
BRDA:24,1,1,7
BRF:4
BRH:4
end_of_record
TN:
SF:src/utils/utils.js
FN:1,(anonymous_0)
FN:6,(anonymous_1)
FN:10,(anonymous_2)
FNF:3
FNH:3
FNDA:11,(anonymous_0)
FNDA:12,(anonymous_1)
FNDA:9,(anonymous_2)
DA:1,4
DA:2,11
DA:3,11
DA:6,4
DA:7,12
DA:10,4
DA:11,9
LF:7
LH:7
BRDA:7,0,0,11
BRDA:7,0,1,1
BRF:2
BRH:2
end_of_record
