<?xml version="1.0" encoding="UTF-8"?>
<coverage generated="1741594369985" clover="3.2.0">
  <project timestamp="1741594369985" name="All files">
    <metrics statements="10" coveredstatements="9" conditionals="2" coveredconditionals="2" methods="6" coveredmethods="5" elements="18" coveredelements="16" complexity="0" loc="10" ncloc="10" packages="3" files="3" classes="3"/>
    <package name="App">
      <metrics statements="1" coveredstatements="1" conditionals="0" coveredconditionals="0" methods="1" coveredmethods="1"/>
      <file name="App.js" path="/home/fikkyt/practise/alx-react/0x01-react_intro/task_2/dashboard/src/App/App.js">
        <metrics statements="1" coveredstatements="1" conditionals="0" coveredconditionals="0" methods="1" coveredmethods="1"/>
        <line num="8" count="4" type="stmt"/>
      </file>
    </package>
    <package name="Notifications">
      <metrics statements="2" coveredstatements="1" conditionals="0" coveredconditionals="0" methods="2" coveredmethods="1"/>
      <file name="Notifications.js" path="/home/fikkyt/practise/alx-react/0x01-react_intro/task_2/dashboard/src/Notifications/Notifications.js">
        <metrics statements="2" coveredstatements="1" conditionals="0" coveredconditionals="0" methods="2" coveredmethods="1"/>
        <line num="8" count="3" type="stmt"/>
        <line num="18" count="0" type="stmt"/>
      </file>
    </package>
    <package name="utils">
      <metrics statements="7" coveredstatements="7" conditionals="2" coveredconditionals="2" methods="3" coveredmethods="3"/>
      <file name="utils.js" path="/home/fikkyt/practise/alx-react/0x01-react_intro/task_2/dashboard/src/utils/utils.js">
        <metrics statements="7" coveredstatements="7" conditionals="2" coveredconditionals="2" methods="3" coveredmethods="3"/>
        <line num="1" count="3" type="stmt"/>
        <line num="2" count="5" type="stmt"/>
        <line num="3" count="5" type="stmt"/>
        <line num="6" count="3" type="stmt"/>
        <line num="7" count="6" type="cond" truecount="2" falsecount="0"/>
        <line num="10" count="3" type="stmt"/>
        <line num="11" count="4" type="stmt"/>
      </file>
    </package>
  </project>
</coverage>
