{"/home/fikkyt/practise/alx-react/0x01-react_intro/task_2/dashboard/src/App/App.js": {"path":"/home/fikkyt/practise/alx-react/0x01-react_intro/task_2/dashboard/src/App/App.js","statementMap":{"0":{"start":{"line":8,"column":8},"end":{"line":36,"column":10}}},"fnMap":{"0":{"name":"(anonymous_0)","decl":{"start":{"line":7,"column":4},"end":{"line":7,"column":5}},"loc":{"start":{"line":7,"column":13},"end":{"line":37,"column":5}},"line":7}},"branchMap":{},"s":{"0":4},"f":{"0":4},"b":{},"_coverageSchema":"1a1c01bbd47fc00a2c39e90264f33305004495a9","hash":"0ed5bf950a4e6b383d2cf988332d5c93fd1c812e"}
,"/home/fikkyt/practise/alx-react/0x01-react_intro/task_2/dashboard/src/Notifications/Notifications.js": {"path":"/home/fikkyt/practise/alx-react/0x01-react_intro/task_2/dashboard/src/Notifications/Notifications.js","statementMap":{"0":{"start":{"line":8,"column":4},"end":{"line":22,"column":5}},"1":{"start":{"line":18,"column":30},"end":{"line":18,"column":74}}},"fnMap":{"0":{"name":"Notifications","decl":{"start":{"line":6,"column":24},"end":{"line":6,"column":37}},"loc":{"start":{"line":6,"column":40},"end":{"line":23,"column":1}},"line":6},"1":{"name":"(anonymous_1)","decl":{"start":{"line":18,"column":25},"end":{"line":18,"column":26}},"loc":{"start":{"line":18,"column":30},"end":{"line":18,"column":74}},"line":18}},"branchMap":{},"s":{"0":3,"1":0},"f":{"0":3,"1":0},"b":{},"_coverageSchema":"1a1c01bbd47fc00a2c39e90264f33305004495a9","hash":"0ef5a395eb2d100cf95906d6e7f0580f2a93926d"}
,"/home/fikkyt/practise/alx-react/0x01-react_intro/task_2/dashboard/src/utils/utils.js": {"path":"/home/fikkyt/practise/alx-react/0x01-react_intro/task_2/dashboard/src/utils/utils.js","statementMap":{"0":{"start":{"line":1,"column":27},"end":{"line":4,"column":1}},"1":{"start":{"line":2,"column":17},"end":{"line":2,"column":41}},"2":{"start":{"line":3,"column":4},"end":{"line":3,"column":16}},"3":{"start":{"line":6,"column":29},"end":{"line":8,"column":1}},"4":{"start":{"line":7,"column":4},"end":{"line":7,"column":52}},"5":{"start":{"line":10,"column":37},"end":{"line":12,"column":1}},"6":{"start":{"line":11,"column":4},"end":{"line":11,"column":67}}},"fnMap":{"0":{"name":"(anonymous_0)","decl":{"start":{"line":1,"column":27},"end":{"line":1,"column":28}},"loc":{"start":{"line":1,"column":33},"end":{"line":4,"column":1}},"line":1},"1":{"name":"(anonymous_1)","decl":{"start":{"line":6,"column":29},"end":{"line":6,"column":30}},"loc":{"start":{"line":6,"column":42},"end":{"line":8,"column":1}},"line":6},"2":{"name":"(anonymous_2)","decl":{"start":{"line":10,"column":37},"end":{"line":10,"column":38}},"loc":{"start":{"line":10,"column":43},"end":{"line":12,"column":1}},"line":10}},"branchMap":{"0":{"loc":{"start":{"line":7,"column":12},"end":{"line":7,"column":50}},"type":"cond-expr","locations":[{"start":{"line":7,"column":22},"end":{"line":7,"column":27}},{"start":{"line":7,"column":30},"end":{"line":7,"column":50}}],"line":7}},"s":{"0":3,"1":5,"2":5,"3":3,"4":6,"5":3,"6":4},"f":{"0":5,"1":6,"2":4},"b":{"0":[5,1]},"_coverageSchema":"1a1c01bbd47fc00a2c39e90264f33305004495a9","hash":"9f4ecf41b3fba344049667d7b39d2c535c6b96f7"}
}
