{"/home/fikkyt/frontend-practice/react/react_inline_styling/dashboard/src/App/App.js": {"path":"/home/fikkyt/frontend-practice/react/react_inline_styling/dashboard/src/App/App.js","statementMap":{"0":{"start":{"line":6,"column":22},"end":{"line":6,"column":74}},"1":{"start":{"line":6,"column":33},"end":{"line":6,"column":73}},"2":{"start":{"line":7,"column":15},"end":{"line":7,"column":53}},"3":{"start":{"line":7,"column":26},"end":{"line":7,"column":52}},"4":{"start":{"line":8,"column":14},"end":{"line":8,"column":50}},"5":{"start":{"line":8,"column":25},"end":{"line":8,"column":49}},"6":{"start":{"line":9,"column":15},"end":{"line":9,"column":53}},"7":{"start":{"line":9,"column":26},"end":{"line":9,"column":52}},"8":{"start":{"line":10,"column":19},"end":{"line":10,"column":65}},"9":{"start":{"line":10,"column":30},"end":{"line":10,"column":64}},"10":{"start":{"line":11,"column":36},"end":{"line":11,"column":100}},"11":{"start":{"line":11,"column":47},"end":{"line":11,"column":99}},"12":{"start":{"line":12,"column":20},"end":{"line":12,"column":68}},"13":{"start":{"line":12,"column":31},"end":{"line":12,"column":67}},"14":{"start":{"line":17,"column":8},"end":{"line":17,"column":21}},"15":{"start":{"line":18,"column":8},"end":{"line":18,"column":61}},"16":{"start":{"line":22,"column":8},"end":{"line":22,"column":65}},"17":{"start":{"line":27,"column":8},"end":{"line":27,"column":69}},"18":{"start":{"line":30,"column":21},"end":{"line":40,"column":5}},"19":{"start":{"line":31,"column":8},"end":{"line":39,"column":9}},"20":{"start":{"line":32,"column":12},"end":{"line":36,"column":13}},"21":{"start":{"line":33,"column":16},"end":{"line":33,"column":39}},"22":{"start":{"line":34,"column":16},"end":{"line":34,"column":41}},"23":{"start":{"line":35,"column":16},"end":{"line":35,"column":36}},"24":{"start":{"line":38,"column":12},"end":{"line":38,"column":64}},"25":{"start":{"line":43,"column":28},"end":{"line":47,"column":9}},"26":{"start":{"line":49,"column":34},"end":{"line":53,"column":9}},"27":{"start":{"line":55,"column":32},"end":{"line":55,"column":42}},"28":{"start":{"line":58,"column":8},"end":{"line":73,"column":10}},"29":{"start":{"line":78,"column":0},"end":{"line":81,"column":2}},"30":{"start":{"line":83,"column":0},"end":{"line":86,"column":2}},"31":{"start":{"line":88,"column":18},"end":{"line":95,"column":2}}},"fnMap":{"0":{"name":"(anonymous_0)","decl":{"start":{"line":6,"column":27},"end":{"line":6,"column":28}},"loc":{"start":{"line":6,"column":33},"end":{"line":6,"column":73}},"line":6},"1":{"name":"(anonymous_1)","decl":{"start":{"line":7,"column":20},"end":{"line":7,"column":21}},"loc":{"start":{"line":7,"column":26},"end":{"line":7,"column":52}},"line":7},"2":{"name":"(anonymous_2)","decl":{"start":{"line":8,"column":19},"end":{"line":8,"column":20}},"loc":{"start":{"line":8,"column":25},"end":{"line":8,"column":49}},"line":8},"3":{"name":"(anonymous_3)","decl":{"start":{"line":9,"column":20},"end":{"line":9,"column":21}},"loc":{"start":{"line":9,"column":26},"end":{"line":9,"column":52}},"line":9},"4":{"name":"(anonymous_4)","decl":{"start":{"line":10,"column":24},"end":{"line":10,"column":25}},"loc":{"start":{"line":10,"column":30},"end":{"line":10,"column":64}},"line":10},"5":{"name":"(anonymous_5)","decl":{"start":{"line":11,"column":41},"end":{"line":11,"column":42}},"loc":{"start":{"line":11,"column":47},"end":{"line":11,"column":99}},"line":11},"6":{"name":"(anonymous_6)","decl":{"start":{"line":12,"column":25},"end":{"line":12,"column":26}},"loc":{"start":{"line":12,"column":31},"end":{"line":12,"column":67}},"line":12},"7":{"name":"(anonymous_7)","decl":{"start":{"line":16,"column":4},"end":{"line":16,"column":5}},"loc":{"start":{"line":16,"column":23},"end":{"line":19,"column":5}},"line":16},"8":{"name":"(anonymous_8)","decl":{"start":{"line":21,"column":4},"end":{"line":21,"column":5}},"loc":{"start":{"line":21,"column":24},"end":{"line":24,"column":5}},"line":21},"9":{"name":"(anonymous_9)","decl":{"start":{"line":26,"column":4},"end":{"line":26,"column":5}},"loc":{"start":{"line":26,"column":27},"end":{"line":28,"column":5}},"line":26},"10":{"name":"(anonymous_10)","decl":{"start":{"line":30,"column":21},"end":{"line":30,"column":22}},"loc":{"start":{"line":30,"column":32},"end":{"line":40,"column":5}},"line":30},"11":{"name":"(anonymous_11)","decl":{"start":{"line":42,"column":4},"end":{"line":42,"column":5}},"loc":{"start":{"line":42,"column":13},"end":{"line":74,"column":5}},"line":42},"12":{"name":"(anonymous_12)","decl":{"start":{"line":80,"column":13},"end":{"line":80,"column":14}},"loc":{"start":{"line":80,"column":19},"end":{"line":80,"column":21}},"line":80}},"branchMap":{"0":{"loc":{"start":{"line":32,"column":12},"end":{"line":36,"column":13}},"type":"if","locations":[{"start":{"line":32,"column":12},"end":{"line":36,"column":13}},{"start":{},"end":{}}],"line":32},"1":{"loc":{"start":{"line":32,"column":16},"end":{"line":32,"column":50}},"type":"binary-expr","locations":[{"start":{"line":32,"column":16},"end":{"line":32,"column":29}},{"start":{"line":32,"column":33},"end":{"line":32,"column":50}}],"line":32},"2":{"loc":{"start":{"line":62,"column":56},"end":{"line":62,"column":105}},"type":"cond-expr","locations":[{"start":{"line":62,"column":69},"end":{"line":62,"column":82}},{"start":{"line":62,"column":85},"end":{"line":62,"column":105}}],"line":62},"3":{"loc":{"start":{"line":63,"column":25},"end":{"line":63,"column":90}},"type":"cond-expr","locations":[{"start":{"line":63,"column":38},"end":{"line":63,"column":78}},{"start":{"line":63,"column":81},"end":{"line":63,"column":90}}],"line":63}},"s":{"0":1,"1":1,"2":1,"3":1,"4":1,"5":1,"6":1,"7":1,"8":1,"9":1,"10":1,"11":1,"12":1,"13":1,"14":8,"15":8,"16":8,"17":8,"18":8,"19":2,"20":2,"21":1,"22":1,"23":1,"24":0,"25":8,"26":8,"27":8,"28":8,"29":1,"30":1,"31":1},"f":{"0":1,"1":1,"2":1,"3":1,"4":1,"5":1,"6":1,"7":8,"8":8,"9":8,"10":2,"11":8,"12":0},"b":{"0":[1,1],"1":[2,2],"2":[2,6],"3":[2,6]},"_coverageSchema":"1a1c01bbd47fc00a2c39e90264f33305004495a9","hash":"99569e9e1e977618a15549df033a95bf20b150a4"}
,"/home/fikkyt/frontend-practice/react/react_inline_styling/dashboard/src/BodySection/BodySection.js": {"path":"/home/fikkyt/frontend-practice/react/react_inline_styling/dashboard/src/BodySection/BodySection.js","statementMap":{"0":{"start":{"line":5,"column":4},"end":{"line":10,"column":5}},"1":{"start":{"line":13,"column":26},"end":{"line":26,"column":2}}},"fnMap":{"0":{"name":"BodySection","decl":{"start":{"line":4,"column":24},"end":{"line":4,"column":35}},"loc":{"start":{"line":4,"column":57},"end":{"line":11,"column":1}},"line":4}},"branchMap":{"0":{"loc":{"start":{"line":7,"column":13},"end":{"line":7,"column":38}},"type":"binary-expr","locations":[{"start":{"line":7,"column":13},"end":{"line":7,"column":18}},{"start":{"line":7,"column":22},"end":{"line":7,"column":38}}],"line":7}},"s":{"0":22,"1":2},"f":{"0":22},"b":{"0":[22,22]},"_coverageSchema":"1a1c01bbd47fc00a2c39e90264f33305004495a9","hash":"526d602f048024f19c80ec2cd689c80b0c92a8aa"}
,"/home/fikkyt/frontend-practice/react/react_inline_styling/dashboard/src/BodySection/BodySectionWithMarginBottom.js": {"path":"/home/fikkyt/frontend-practice/react/react_inline_styling/dashboard/src/BodySection/BodySectionWithMarginBottom.js","statementMap":{"0":{"start":{"line":6,"column":4},"end":{"line":10,"column":5}}},"fnMap":{"0":{"name":"BodySectionWithMarginBottom","decl":{"start":{"line":5,"column":24},"end":{"line":5,"column":51}},"loc":{"start":{"line":5,"column":73},"end":{"line":11,"column":1}},"line":5}},"branchMap":{},"s":{"0":11},"f":{"0":11},"b":{},"_coverageSchema":"1a1c01bbd47fc00a2c39e90264f33305004495a9","hash":"a17f0c6ac4522940b8088ccfd131bfeeff0dfa5b"}
,"/home/fikkyt/frontend-practice/react/react_inline_styling/dashboard/src/CourseList/CourseList.js": {"path":"/home/fikkyt/frontend-practice/react/react_inline_styling/dashboard/src/CourseList/CourseList.js","statementMap":{"0":{"start":{"line":8,"column":32},"end":{"line":8,"column":42}},"1":{"start":{"line":9,"column":4},"end":{"line":26,"column":5}},"2":{"start":{"line":19,"column":45},"end":{"line":19,"column":137}},"3":{"start":{"line":29,"column":20},"end":{"line":33,"column":6}},"4":{"start":{"line":34,"column":0},"end":{"line":36,"column":2}},"5":{"start":{"line":38,"column":0},"end":{"line":40,"column":2}},"6":{"start":{"line":42,"column":25},"end":{"line":68,"column":2}}},"fnMap":{"0":{"name":"(anonymous_0)","decl":{"start":{"line":7,"column":4},"end":{"line":7,"column":5}},"loc":{"start":{"line":7,"column":13},"end":{"line":27,"column":1}},"line":7},"1":{"name":"(anonymous_1)","decl":{"start":{"line":19,"column":33},"end":{"line":19,"column":34}},"loc":{"start":{"line":19,"column":45},"end":{"line":19,"column":137}},"line":19}},"branchMap":{"0":{"loc":{"start":{"line":11,"column":13},"end":{"line":22,"column":16}},"type":"cond-expr","locations":[{"start":{"line":11,"column":40},"end":{"line":11,"column":109}},{"start":{"line":13,"column":12},"end":{"line":22,"column":16}}],"line":11}},"s":{"0":3,"1":3,"2":6,"3":2,"4":2,"5":2,"6":2},"f":{"0":3,"1":6},"b":{"0":[1,2]},"_coverageSchema":"1a1c01bbd47fc00a2c39e90264f33305004495a9","hash":"9fac92e9a60dc51396aca3e77f47faffe63c981b"}
,"/home/fikkyt/frontend-practice/react/react_inline_styling/dashboard/src/CourseList/CourseListRow.js": {"path":"/home/fikkyt/frontend-practice/react/react_inline_styling/dashboard/src/CourseList/CourseListRow.js","statementMap":{"0":{"start":{"line":7,"column":23},"end":{"line":26,"column":1}},"1":{"start":{"line":8,"column":21},"end":{"line":8,"column":99}},"2":{"start":{"line":9,"column":4},"end":{"line":25,"column":18}},"3":{"start":{"line":28,"column":0},"end":{"line":31,"column":2}},"4":{"start":{"line":33,"column":0},"end":{"line":37,"column":2}},"5":{"start":{"line":39,"column":27},"end":{"line":46,"column":2}}},"fnMap":{"0":{"name":"(anonymous_0)","decl":{"start":{"line":7,"column":23},"end":{"line":7,"column":24}},"loc":{"start":{"line":7,"column":70},"end":{"line":26,"column":1}},"line":7}},"branchMap":{"0":{"loc":{"start":{"line":8,"column":21},"end":{"line":8,"column":99}},"type":"cond-expr","locations":[{"start":{"line":8,"column":32},"end":{"line":8,"column":65}},{"start":{"line":8,"column":68},"end":{"line":8,"column":99}}],"line":8},"1":{"loc":{"start":{"line":11,"column":18},"end":{"line":24,"column":17}},"type":"cond-expr","locations":[{"start":{"line":12,"column":24},"end":{"line":19,"column":17}},{"start":{"line":20,"column":16},"end":{"line":23,"column":19}}],"line":11},"2":{"loc":{"start":{"line":12,"column":24},"end":{"line":19,"column":17}},"type":"cond-expr","locations":[{"start":{"line":13,"column":24},"end":{"line":16,"column":27}},{"start":{"line":18,"column":24},"end":{"line":18,"column":60}}],"line":12}},"s":{"0":3,"1":13,"2":13,"3":3,"4":3,"5":3},"f":{"0":13},"b":{"0":[6,7],"1":[6,7],"2":[3,3]},"_coverageSchema":"1a1c01bbd47fc00a2c39e90264f33305004495a9","hash":"cdf73cefb25727f9e8a849235564de4b15ae2939"}
,"/home/fikkyt/frontend-practice/react/react_inline_styling/dashboard/src/Footer/Footer.js": {"path":"/home/fikkyt/frontend-practice/react/react_inline_styling/dashboard/src/Footer/Footer.js","statementMap":{"0":{"start":{"line":6,"column":4},"end":{"line":12,"column":6}},"1":{"start":{"line":15,"column":21},"end":{"line":31,"column":2}}},"fnMap":{"0":{"name":"Footer","decl":{"start":{"line":5,"column":24},"end":{"line":5,"column":30}},"loc":{"start":{"line":5,"column":33},"end":{"line":13,"column":1}},"line":5}},"branchMap":{},"s":{"0":11,"1":2},"f":{"0":11},"b":{},"_coverageSchema":"1a1c01bbd47fc00a2c39e90264f33305004495a9","hash":"0e37e44d999161469f438588f2ccfdf1ff448016"}
,"/home/fikkyt/frontend-practice/react/react_inline_styling/dashboard/src/Header/Header.js": {"path":"/home/fikkyt/frontend-practice/react/react_inline_styling/dashboard/src/Header/Header.js","statementMap":{"0":{"start":{"line":6,"column":4},"end":{"line":13,"column":6}},"1":{"start":{"line":16,"column":21},"end":{"line":54,"column":2}}},"fnMap":{"0":{"name":"Header","decl":{"start":{"line":5,"column":24},"end":{"line":5,"column":30}},"loc":{"start":{"line":5,"column":33},"end":{"line":14,"column":1}},"line":5}},"branchMap":{},"s":{"0":14,"1":2},"f":{"0":14},"b":{},"_coverageSchema":"1a1c01bbd47fc00a2c39e90264f33305004495a9","hash":"75ab0dc5e22e9ab62d8c16ddd9efa49649a0c014"}
,"/home/fikkyt/frontend-practice/react/react_inline_styling/dashboard/src/Login/Login.js": {"path":"/home/fikkyt/frontend-practice/react/react_inline_styling/dashboard/src/Login/Login.js","statementMap":{"0":{"start":{"line":5,"column":4},"end":{"line":20,"column":6}},"1":{"start":{"line":23,"column":20},"end":{"line":93,"column":2}}},"fnMap":{"0":{"name":"Login","decl":{"start":{"line":4,"column":24},"end":{"line":4,"column":29}},"loc":{"start":{"line":4,"column":32},"end":{"line":21,"column":1}},"line":4}},"branchMap":{},"s":{"0":9,"1":2},"f":{"0":9},"b":{},"_coverageSchema":"1a1c01bbd47fc00a2c39e90264f33305004495a9","hash":"cd7c43c6b3d859e152aedde85793f86955a19b88"}
,"/home/fikkyt/frontend-practice/react/react_inline_styling/dashboard/src/Notifications/NotificationItem.js": {"path":"/home/fikkyt/frontend-practice/react/react_inline_styling/dashboard/src/Notifications/NotificationItem.js","statementMap":{"0":{"start":{"line":5,"column":25},"end":{"line":24,"column":1}},"1":{"start":{"line":6,"column":22},"end":{"line":6,"column":72}},"2":{"start":{"line":8,"column":4},"end":{"line":23,"column":6}},"3":{"start":{"line":26,"column":0},"end":{"line":33,"column":2}},"4":{"start":{"line":35,"column":15},"end":{"line":47,"column":2}}},"fnMap":{"0":{"name":"(anonymous_0)","decl":{"start":{"line":5,"column":25},"end":{"line":5,"column":26}},"loc":{"start":{"line":5,"column":87},"end":{"line":24,"column":1}},"line":5},"1":{"name":"(anonymous_1)","decl":{"start":{"line":5,"column":72},"end":{"line":5,"column":73}},"loc":{"start":{"line":5,"column":78},"end":{"line":5,"column":80}},"line":5}},"branchMap":{"0":{"loc":{"start":{"line":5,"column":28},"end":{"line":5,"column":44}},"type":"default-arg","locations":[{"start":{"line":5,"column":35},"end":{"line":5,"column":44}}],"line":5},"1":{"loc":{"start":{"line":5,"column":59},"end":{"line":5,"column":80}},"type":"default-arg","locations":[{"start":{"line":5,"column":72},"end":{"line":5,"column":80}}],"line":5},"2":{"loc":{"start":{"line":6,"column":22},"end":{"line":6,"column":72}},"type":"cond-expr","locations":[{"start":{"line":6,"column":42},"end":{"line":6,"column":55}},{"start":{"line":6,"column":58},"end":{"line":6,"column":72}}],"line":6},"3":{"loc":{"start":{"line":8,"column":11},"end":{"line":23,"column":5}},"type":"cond-expr","locations":[{"start":{"line":9,"column":8},"end":{"line":14,"column":10}},{"start":{"line":16,"column":8},"end":{"line":22,"column":13}}],"line":8}},"s":{"0":3,"1":55,"2":55,"3":3,"4":3},"f":{"0":55,"1":0},"b":{"0":[2],"1":[3],"2":[36,19],"3":[18,37]},"_coverageSchema":"1a1c01bbd47fc00a2c39e90264f33305004495a9","hash":"24c2cfdfa21ae110bbd5489320c9797242d33d39"}
,"/home/fikkyt/frontend-practice/react/react_inline_styling/dashboard/src/Notifications/NotificationItemShape.js": {"path":"/home/fikkyt/frontend-practice/react/react_inline_styling/dashboard/src/Notifications/NotificationItemShape.js","statementMap":{"0":{"start":{"line":4,"column":30},"end":{"line":11,"column":2}}},"fnMap":{},"branchMap":{},"s":{"0":2},"f":{},"b":{},"_coverageSchema":"1a1c01bbd47fc00a2c39e90264f33305004495a9","hash":"e9e10b05a419c479d2d75577f7d4393c425e3b36"}
,"/home/fikkyt/frontend-practice/react/react_inline_styling/dashboard/src/Notifications/Notifications.js": {"path":"/home/fikkyt/frontend-practice/react/react_inline_styling/dashboard/src/Notifications/Notifications.js","statementMap":{"0":{"start":{"line":8,"column":17},"end":{"line":12,"column":1}},"1":{"start":{"line":9,"column":4},"end":{"line":11,"column":10}},"2":{"start":{"line":16,"column":8},"end":{"line":16,"column":21}},"3":{"start":{"line":17,"column":8},"end":{"line":17,"column":53}},"4":{"start":{"line":21,"column":8},"end":{"line":23,"column":9}},"5":{"start":{"line":22,"column":12},"end":{"line":22,"column":70}},"6":{"start":{"line":27,"column":53},"end":{"line":27,"column":63}},"7":{"start":{"line":29,"column":8},"end":{"line":64,"column":10}},"8":{"start":{"line":40,"column":36},"end":{"line":46,"column":38}},"9":{"start":{"line":45,"column":58},"end":{"line":45,"column":88}},"10":{"start":{"line":52,"column":47},"end":{"line":52,"column":91}},"11":{"start":{"line":68,"column":0},"end":{"line":71,"column":2}},"12":{"start":{"line":73,"column":0},"end":{"line":76,"column":2}},"13":{"start":{"line":78,"column":27},"end":{"line":94,"column":1}},"14":{"start":{"line":96,"column":25},"end":{"line":103,"column":1}},"15":{"start":{"line":105,"column":15},"end":{"line":166,"column":2}}},"fnMap":{"0":{"name":"(anonymous_0)","decl":{"start":{"line":8,"column":17},"end":{"line":8,"column":18}},"loc":{"start":{"line":9,"column":4},"end":{"line":11,"column":10}},"line":9},"1":{"name":"(anonymous_1)","decl":{"start":{"line":15,"column":4},"end":{"line":15,"column":5}},"loc":{"start":{"line":15,"column":23},"end":{"line":18,"column":5}},"line":15},"2":{"name":"(anonymous_2)","decl":{"start":{"line":20,"column":4},"end":{"line":20,"column":5}},"loc":{"start":{"line":20,"column":19},"end":{"line":24,"column":5}},"line":20},"3":{"name":"(anonymous_3)","decl":{"start":{"line":26,"column":4},"end":{"line":26,"column":5}},"loc":{"start":{"line":26,"column":13},"end":{"line":65,"column":5}},"line":26},"4":{"name":"(anonymous_4)","decl":{"start":{"line":39,"column":55},"end":{"line":39,"column":56}},"loc":{"start":{"line":40,"column":36},"end":{"line":46,"column":38}},"line":40},"5":{"name":"(anonymous_5)","decl":{"start":{"line":45,"column":52},"end":{"line":45,"column":53}},"loc":{"start":{"line":45,"column":58},"end":{"line":45,"column":88}},"line":45},"6":{"name":"(anonymous_6)","decl":{"start":{"line":52,"column":41},"end":{"line":52,"column":42}},"loc":{"start":{"line":52,"column":47},"end":{"line":52,"column":91}},"line":52}},"branchMap":{"0":{"loc":{"start":{"line":21,"column":8},"end":{"line":23,"column":9}},"type":"if","locations":[{"start":{"line":21,"column":8},"end":{"line":23,"column":9}},{"start":{},"end":{}}],"line":21},"1":{"loc":{"start":{"line":32,"column":17},"end":{"line":62,"column":17}},"type":"binary-expr","locations":[{"start":{"line":32,"column":17},"end":{"line":32,"column":30}},{"start":{"line":33,"column":20},"end":{"line":61,"column":21}}],"line":32},"2":{"loc":{"start":{"line":33,"column":20},"end":{"line":61,"column":21}},"type":"cond-expr","locations":[{"start":{"line":34,"column":24},"end":{"line":34,"column":87}},{"start":{"line":36,"column":24},"end":{"line":60,"column":30}}],"line":33}},"s":{"0":2,"1":20,"2":20,"3":20,"4":1,"5":1,"6":20,"7":20,"8":51,"9":1,"10":0,"11":2,"12":2,"13":2,"14":2,"15":2},"f":{"0":20,"1":20,"2":1,"3":20,"4":51,"5":1,"6":0},"b":{"0":[1,0],"1":[20,18],"2":[1,17]},"_coverageSchema":"1a1c01bbd47fc00a2c39e90264f33305004495a9","hash":"d03959a7b728bf107334debe21961f6a3e46c63a"}
,"/home/fikkyt/frontend-practice/react/react_inline_styling/dashboard/src/utils/utils.js": {"path":"/home/fikkyt/frontend-practice/react/react_inline_styling/dashboard/src/utils/utils.js","statementMap":{"0":{"start":{"line":1,"column":27},"end":{"line":4,"column":1}},"1":{"start":{"line":2,"column":17},"end":{"line":2,"column":41}},"2":{"start":{"line":3,"column":4},"end":{"line":3,"column":16}},"3":{"start":{"line":6,"column":29},"end":{"line":8,"column":1}},"4":{"start":{"line":7,"column":4},"end":{"line":7,"column":52}},"5":{"start":{"line":10,"column":37},"end":{"line":12,"column":1}},"6":{"start":{"line":11,"column":4},"end":{"line":11,"column":67}}},"fnMap":{"0":{"name":"(anonymous_0)","decl":{"start":{"line":1,"column":27},"end":{"line":1,"column":28}},"loc":{"start":{"line":1,"column":33},"end":{"line":4,"column":1}},"line":1},"1":{"name":"(anonymous_1)","decl":{"start":{"line":6,"column":29},"end":{"line":6,"column":30}},"loc":{"start":{"line":6,"column":42},"end":{"line":8,"column":1}},"line":6},"2":{"name":"(anonymous_2)","decl":{"start":{"line":10,"column":37},"end":{"line":10,"column":38}},"loc":{"start":{"line":10,"column":43},"end":{"line":12,"column":1}},"line":10}},"branchMap":{"0":{"loc":{"start":{"line":7,"column":12},"end":{"line":7,"column":50}},"type":"cond-expr","locations":[{"start":{"line":7,"column":22},"end":{"line":7,"column":27}},{"start":{"line":7,"column":30},"end":{"line":7,"column":50}}],"line":7}},"s":{"0":4,"1":12,"2":12,"3":4,"4":13,"5":4,"6":10},"f":{"0":12,"1":13,"2":10},"b":{"0":[12,1]},"_coverageSchema":"1a1c01bbd47fc00a2c39e90264f33305004495a9","hash":"c420e19ea7acf6afb46aec34289cd755d793655e"}
}
