TN:
SF:src/App/App.js
FN:6,(anonymous_0)
FN:7,(anonymous_1)
FN:8,(anonymous_2)
FN:9,(anonymous_3)
FN:10,(anonymous_4)
FN:11,(anonymous_5)
FN:12,(anonymous_6)
FN:16,(anonymous_7)
FN:21,(anonymous_8)
FN:26,(anonymous_9)
FN:30,(anonymous_10)
FN:42,(anonymous_11)
FN:80,(anonymous_12)
FNF:13
FNH:12
FNDA:1,(anonymous_0)
FNDA:1,(anonymous_1)
FNDA:1,(anonymous_2)
FNDA:1,(anonymous_3)
FNDA:1,(anonymous_4)
FNDA:1,(anonymous_5)
FNDA:1,(anonymous_6)
FNDA:8,(anonymous_7)
FNDA:8,(anonymous_8)
FNDA:8,(anonymous_9)
FNDA:2,(anonymous_10)
FNDA:8,(anonymous_11)
FNDA:0,(anonymous_12)
DA:6,1
DA:7,1
DA:8,1
DA:9,1
DA:10,1
DA:11,1
DA:12,1
DA:17,8
DA:18,8
DA:22,8
DA:27,8
DA:30,8
DA:31,2
DA:32,2
DA:33,1
DA:34,1
DA:35,1
DA:38,0
DA:43,8
DA:49,8
DA:55,8
DA:58,8
DA:78,1
DA:83,1
DA:88,1
LF:25
LH:24
BRDA:32,0,0,1
BRDA:32,0,1,1
BRDA:32,1,0,2
BRDA:32,1,1,2
BRDA:62,2,0,2
BRDA:62,2,1,6
BRDA:63,3,0,2
BRDA:63,3,1,6
BRF:8
BRH:8
end_of_record
TN:
SF:src/BodySection/BodySection.js
FN:4,BodySection
FNF:1
FNH:1
FNDA:22,BodySection
DA:5,22
DA:13,2
LF:2
LH:2
BRDA:7,0,0,22
BRDA:7,0,1,22
BRF:2
BRH:2
end_of_record
TN:
SF:src/BodySection/BodySectionWithMarginBottom.js
FN:5,BodySectionWithMarginBottom
FNF:1
FNH:1
FNDA:11,BodySectionWithMarginBottom
DA:6,11
LF:1
LH:1
BRF:0
BRH:0
end_of_record
TN:
SF:src/CourseList/CourseList.js
FN:7,(anonymous_0)
FN:19,(anonymous_1)
FNF:2
FNH:2
FNDA:3,(anonymous_0)
FNDA:6,(anonymous_1)
DA:8,3
DA:9,3
DA:19,6
DA:29,2
DA:34,2
DA:38,2
DA:42,2
LF:7
LH:7
BRDA:11,0,0,1
BRDA:11,0,1,2
BRF:2
BRH:2
end_of_record
TN:
SF:src/CourseList/CourseListRow.js
FN:7,(anonymous_0)
FNF:1
FNH:1
FNDA:13,(anonymous_0)
DA:7,3
DA:8,13
DA:9,13
DA:28,3
DA:33,3
DA:39,3
LF:6
LH:6
BRDA:8,0,0,6
BRDA:8,0,1,7
BRDA:11,1,0,6
BRDA:11,1,1,7
BRDA:12,2,0,3
BRDA:12,2,1,3
BRF:6
BRH:6
end_of_record
TN:
SF:src/Footer/Footer.js
FN:5,Footer
FNF:1
FNH:1
FNDA:11,Footer
DA:6,11
DA:15,2
LF:2
LH:2
BRF:0
BRH:0
end_of_record
TN:
SF:src/Header/Header.js
FN:5,Header
FNF:1
FNH:1
FNDA:14,Header
DA:6,14
DA:16,2
LF:2
LH:2
BRF:0
BRH:0
end_of_record
TN:
SF:src/Login/Login.js
FN:4,Login
FNF:1
FNH:1
FNDA:9,Login
DA:5,9
DA:23,2
LF:2
LH:2
BRF:0
BRH:0
end_of_record
TN:
SF:src/Notifications/NotificationItem.js
FN:5,(anonymous_0)
FN:5,(anonymous_1)
FNF:2
FNH:1
FNDA:55,(anonymous_0)
FNDA:0,(anonymous_1)
DA:5,3
DA:6,55
DA:8,55
DA:26,3
DA:35,3
LF:5
LH:5
BRDA:5,0,0,2
BRDA:5,1,0,3
BRDA:6,2,0,36
BRDA:6,2,1,19
BRDA:8,3,0,18
BRDA:8,3,1,37
BRF:6
BRH:6
end_of_record
TN:
SF:src/Notifications/NotificationItemShape.js
FNF:0
FNH:0
DA:4,2
LF:1
LH:1
BRF:0
BRH:0
end_of_record
TN:
SF:src/Notifications/Notifications.js
FN:8,(anonymous_0)
FN:15,(anonymous_1)
FN:20,(anonymous_2)
FN:26,(anonymous_3)
FN:39,(anonymous_4)
FN:45,(anonymous_5)
FN:52,(anonymous_6)
FNF:7
FNH:6
FNDA:20,(anonymous_0)
FNDA:20,(anonymous_1)
FNDA:1,(anonymous_2)
FNDA:20,(anonymous_3)
FNDA:51,(anonymous_4)
FNDA:1,(anonymous_5)
FNDA:0,(anonymous_6)
DA:8,2
DA:9,20
DA:16,20
DA:17,20
DA:21,1
DA:22,1
DA:27,20
DA:29,20
DA:40,51
DA:45,1
DA:52,0
DA:68,2
DA:73,2
DA:78,2
DA:96,2
DA:105,2
LF:16
LH:15
BRDA:21,0,0,1
BRDA:21,0,1,0
BRDA:32,1,0,20
BRDA:32,1,1,18
BRDA:33,2,0,1
BRDA:33,2,1,17
BRF:6
BRH:5
end_of_record
TN:
SF:src/utils/utils.js
FN:1,(anonymous_0)
FN:6,(anonymous_1)
FN:10,(anonymous_2)
FNF:3
FNH:3
FNDA:12,(anonymous_0)
FNDA:13,(anonymous_1)
FNDA:10,(anonymous_2)
DA:1,4
DA:2,12
DA:3,12
DA:6,4
DA:7,13
DA:10,4
DA:11,10
LF:7
LH:7
BRDA:7,0,0,12
BRDA:7,0,1,1
BRF:2
BRH:2
end_of_record
