TN:
SF:src/App.js
FN:7,(anonymous_0)
FNF:1
FNH:1
FNDA:4,(anonymous_0)
DA:8,4
LF:1
LH:1
BRF:0
BRH:0
end_of_record
TN:
SF:src/Notifications.js
FN:6,Notifications
FN:18,(anonymous_1)
FNF:2
FNH:1
FNDA:3,Notifications
FNDA:0,(anonymous_1)
DA:8,3
DA:18,0
LF:2
LH:1
BRF:0
BRH:0
end_of_record
TN:
SF:src/utils.js
FN:1,(anonymous_0)
FN:6,(anonymous_1)
FN:10,(anonymous_2)
FNF:3
FNH:3
FNDA:5,(anonymous_0)
FNDA:6,(anonymous_1)
FNDA:4,(anonymous_2)
DA:1,3
DA:2,5
DA:3,5
DA:6,3
DA:7,6
DA:10,3
DA:11,4
LF:7
LH:7
BRDA:7,0,0,5
BRDA:7,0,1,1
BRF:2
BRH:2
end_of_record
